mode: atomic
github.com/pterm/pterm/internal/percentage.go:6.49,8.2 1 8
github.com/pterm/pterm/internal/percentage.go:11.54,13.2 1 4
github.com/pterm/pterm/internal/remove_and_count_prefix.go:7.66,11.2 3 0
github.com/pterm/pterm/internal/title_in_line.go:10.71,12.10 2 0
github.com/pterm/pterm/internal/title_in_line.go:18.2,18.12 1 0
github.com/pterm/pterm/internal/title_in_line.go:12.10,14.3 1 0
github.com/pterm/pterm/internal/title_in_line.go:14.8,16.3 1 0
github.com/pterm/pterm/internal/title_in_line.go:22.66,30.2 5 0
github.com/pterm/pterm/internal/map_range_to_range.go:3.75,4.26 1 4
github.com/pterm/pterm/internal/map_range_to_range.go:7.2,7.73 1 4
github.com/pterm/pterm/internal/map_range_to_range.go:4.26,6.3 1 0
github.com/pterm/pterm/internal/max_text_width.go:11.38,14.24 3 0
github.com/pterm/pterm/internal/max_text_width.go:19.2,19.12 1 0
github.com/pterm/pterm/internal/max_text_width.go:14.24,15.55 1 0
github.com/pterm/pterm/internal/max_text_width.go:15.55,17.4 1 0
github.com/pterm/pterm/internal/center_text.go:10.48,13.32 3 2
github.com/pterm/pterm/internal/center_text.go:36.2,37.26 2 2
github.com/pterm/pterm/internal/center_text.go:41.2,41.39 1 2
github.com/pterm/pterm/internal/center_text.go:13.32,14.41 1 4
github.com/pterm/pterm/internal/center_text.go:14.41,17.32 3 1
github.com/pterm/pterm/internal/center_text.go:24.4,24.41 1 1
github.com/pterm/pterm/internal/center_text.go:17.32,18.31 1 11
github.com/pterm/pterm/internal/center_text.go:22.5,22.52 1 11
github.com/pterm/pterm/internal/center_text.go:18.31,21.6 2 2
github.com/pterm/pterm/internal/center_text.go:24.41,28.5 3 3
github.com/pterm/pterm/internal/center_text.go:29.9,33.4 3 3
github.com/pterm/pterm/internal/center_text.go:37.26,39.3 1 6
github.com/pterm/pterm/internal/longest_line.go:11.49,14.29 3 0
github.com/pterm/pterm/internal/longest_line.go:20.2,20.16 1 0
github.com/pterm/pterm/internal/longest_line.go:14.29,15.101 1 0
github.com/pterm/pterm/internal/longest_line.go:15.101,17.4 1 0
github.com/pterm/pterm/internal/with_boolean.go:4.33,5.17 1 0
github.com/pterm/pterm/internal/with_boolean.go:8.2,8.13 1 0
github.com/pterm/pterm/internal/with_boolean.go:5.17,7.3 1 0
github.com/pterm/pterm/putils/download-with-progressbar.go:20.58,25.2 4 0
github.com/pterm/pterm/putils/download-with-progressbar.go:29.121,32.16 3 0
github.com/pterm/pterm/putils/download-with-progressbar.go:36.2,37.16 2 0
github.com/pterm/pterm/putils/download-with-progressbar.go:41.2,45.16 4 0
github.com/pterm/pterm/putils/download-with-progressbar.go:49.2,50.73 2 0
github.com/pterm/pterm/putils/download-with-progressbar.go:55.2,56.16 2 0
github.com/pterm/pterm/putils/download-with-progressbar.go:60.2,61.12 2 0
github.com/pterm/pterm/putils/download-with-progressbar.go:32.16,34.3 1 0
github.com/pterm/pterm/putils/download-with-progressbar.go:37.16,40.3 2 0
github.com/pterm/pterm/putils/download-with-progressbar.go:45.16,47.3 1 0
github.com/pterm/pterm/putils/download-with-progressbar.go:50.73,53.3 2 0
github.com/pterm/pterm/putils/download-with-progressbar.go:56.16,58.3 1 0
github.com/pterm/pterm/putils/download-with-progressbar.go:66.96,68.2 1 0
github.com/pterm/pterm/putils/run-with-spinner.go:6.103,8.16 2 0
github.com/pterm/pterm/putils/run-with-spinner.go:12.2,15.12 3 0
github.com/pterm/pterm/putils/run-with-spinner.go:8.16,10.3 1 0
github.com/pterm/pterm/putils/run-with-spinner.go:19.107,21.2 1 0
github.com/pterm/pterm/putils/stats.go:11.70,13.29 2 0
github.com/pterm/pterm/putils/stats.go:25.2,29.12 3 0
github.com/pterm/pterm/putils/stats.go:13.29,18.17 4 0
github.com/pterm/pterm/putils/stats.go:22.3,22.20 1 0
github.com/pterm/pterm/putils/stats.go:18.17,20.4 1 0
github.com/pterm/pterm/putils/tabledata-from-struct-slice.go:13.105,15.32 2 0
github.com/pterm/pterm/putils/tabledata-from-struct-slice.go:18.2,21.30 3 0
github.com/pterm/pterm/putils/tabledata-from-struct-slice.go:26.2,26.33 1 0
github.com/pterm/pterm/putils/tabledata-from-struct-slice.go:30.2,33.33 3 0
github.com/pterm/pterm/putils/tabledata-from-struct-slice.go:37.2,44.33 4 0
github.com/pterm/pterm/putils/tabledata-from-struct-slice.go:52.2,52.26 1 0
github.com/pterm/pterm/putils/tabledata-from-struct-slice.go:61.2,63.22 2 0
github.com/pterm/pterm/putils/tabledata-from-struct-slice.go:15.32,17.3 1 0
github.com/pterm/pterm/putils/tabledata-from-struct-slice.go:21.30,24.3 2 0
github.com/pterm/pterm/putils/tabledata-from-struct-slice.go:26.33,28.3 1 0
github.com/pterm/pterm/putils/tabledata-from-struct-slice.go:33.33,35.3 1 0
github.com/pterm/pterm/putils/tabledata-from-struct-slice.go:44.33,45.16 1 0
github.com/pterm/pterm/putils/tabledata-from-struct-slice.go:45.16,47.4 1 0
github.com/pterm/pterm/putils/tabledata-from-struct-slice.go:47.9,49.4 1 0
github.com/pterm/pterm/putils/tabledata-from-struct-slice.go:52.26,55.34 3 0
github.com/pterm/pterm/putils/tabledata-from-struct-slice.go:59.3,59.36 1 0
github.com/pterm/pterm/putils/tabledata-from-struct-slice.go:55.34,58.4 2 0
github.com/pterm/pterm/putils/tabledata-from-struct-slice.go:69.79,71.2 1 0
github.com/pterm/pterm/putils/tabledata_from_csv.go:11.56,13.2 1 1
github.com/pterm/pterm/putils/tabledata_from_separated_values.go:13.99,14.57 1 3
github.com/pterm/pterm/putils/tabledata_from_separated_values.go:18.2,18.8 1 3
github.com/pterm/pterm/putils/tabledata_from_separated_values.go:14.57,16.3 1 6
github.com/pterm/pterm/putils/tabledata_from_tsv.go:11.56,13.2 1 1
github.com/pterm/pterm/rgb.go:23.42,25.2 1 14316
github.com/pterm/pterm/rgb.go:28.32,30.2 1 28640
github.com/pterm/pterm/rgb.go:33.45,38.19 4 12
github.com/pterm/pterm/rgb.go:41.2,41.19 1 12
github.com/pterm/pterm/rgb.go:45.2,46.16 2 8
github.com/pterm/pterm/rgb.go:49.2,55.8 2 7
github.com/pterm/pterm/rgb.go:38.19,40.3 1 4
github.com/pterm/pterm/rgb.go:41.19,43.3 1 4
github.com/pterm/pterm/rgb.go:46.16,48.3 1 1
github.com/pterm/pterm/rgb.go:59.62,60.13 1 14416
github.com/pterm/pterm/rgb.go:65.2,65.19 1 14416
github.com/pterm/pterm/rgb.go:85.2,85.10 1 1
github.com/pterm/pterm/rgb.go:60.13,64.3 3 2
github.com/pterm/pterm/rgb.go:65.19,71.3 1 14411
github.com/pterm/pterm/rgb.go:71.8,71.25 1 5
github.com/pterm/pterm/rgb.go:71.25,74.18 3 4
github.com/pterm/pterm/rgb.go:74.18,76.4 1 1
github.com/pterm/pterm/rgb.go:76.9,77.36 1 3
github.com/pterm/pterm/rgb.go:77.36,79.24 2 3
github.com/pterm/pterm/rgb.go:79.24,81.6 1 3
github.com/pterm/pterm/rgb.go:90.46,92.2 1 4224
github.com/pterm/pterm/rgb.go:96.48,98.2 1 1950
github.com/pterm/pterm/rgb.go:101.62,103.2 1 2052
github.com/pterm/pterm/rgb.go:107.64,109.2 1 1944
github.com/pterm/pterm/rgb.go:114.51,118.2 3 54
github.com/pterm/pterm/rgb.go:123.53,127.2 3 978
github.com/pterm/pterm/rgb.go:131.67,135.2 3 54
github.com/pterm/pterm/rgb.go:140.69,144.2 3 972
github.com/pterm/pterm/rgb.go:149.58,150.24 1 6
github.com/pterm/pterm/rgb.go:158.2,159.12 2 6
github.com/pterm/pterm/rgb.go:150.24,151.33 1 6
github.com/pterm/pterm/rgb.go:151.33,152.18 1 3
github.com/pterm/pterm/rgb.go:152.18,154.5 1 3
github.com/pterm/pterm/rgb.go:165.74,166.24 1 6
github.com/pterm/pterm/rgb.go:174.2,175.12 2 6
github.com/pterm/pterm/rgb.go:166.24,167.33 1 6
github.com/pterm/pterm/rgb.go:167.33,168.18 1 3
github.com/pterm/pterm/rgb.go:168.18,170.5 1 3
github.com/pterm/pterm/bigtext_printer.go:17.48,19.2 1 3
github.com/pterm/pterm/bigtext_printer.go:22.71,26.23 3 6
github.com/pterm/pterm/bigtext_printer.go:33.2,33.10 1 6
github.com/pterm/pterm/bigtext_printer.go:26.23,31.3 1 19
github.com/pterm/pterm/bigtext_printer.go:37.64,41.23 3 2
github.com/pterm/pterm/bigtext_printer.go:49.2,49.10 1 2
github.com/pterm/pterm/bigtext_printer.go:41.23,47.3 1 7
github.com/pterm/pterm/bigtext_printer.go:60.49,63.2 2 1
github.com/pterm/pterm/bigtext_printer.go:66.42,69.2 2 1
github.com/pterm/pterm/bigtext_printer.go:72.46,75.2 2 1
github.com/pterm/pterm/bigtext_printer.go:87.84,90.2 2 1
github.com/pterm/pterm/bigtext_printer.go:93.73,95.33 2 5
github.com/pterm/pterm/bigtext_printer.go:98.2,99.11 2 5
github.com/pterm/pterm/bigtext_printer.go:95.33,97.3 1 6
github.com/pterm/pterm/bigtext_printer.go:103.76,106.2 2 0
github.com/pterm/pterm/bigtext_printer.go:109.51,112.15 2 8
github.com/pterm/pterm/bigtext_printer.go:119.2,120.30 2 5
github.com/pterm/pterm/bigtext_printer.go:130.2,132.31 2 5
github.com/pterm/pterm/bigtext_printer.go:139.2,139.34 1 5
github.com/pterm/pterm/bigtext_printer.go:161.2,161.17 1 5
github.com/pterm/pterm/bigtext_printer.go:112.15,113.36 1 3
github.com/pterm/pterm/bigtext_printer.go:116.3,116.18 1 3
github.com/pterm/pterm/bigtext_printer.go:113.36,115.4 1 15
github.com/pterm/pterm/bigtext_printer.go:120.30,121.47 1 20
github.com/pterm/pterm/bigtext_printer.go:121.47,127.4 1 20
github.com/pterm/pterm/bigtext_printer.go:132.31,134.20 2 20
github.com/pterm/pterm/bigtext_printer.go:134.20,136.4 1 4
github.com/pterm/pterm/bigtext_printer.go:139.34,140.37 1 21
github.com/pterm/pterm/bigtext_printer.go:158.3,158.14 1 21
github.com/pterm/pterm/bigtext_printer.go:140.37,144.28 4 100
github.com/pterm/pterm/bigtext_printer.go:147.4,148.41 2 100
github.com/pterm/pterm/bigtext_printer.go:152.4,152.29 1 100
github.com/pterm/pterm/bigtext_printer.go:144.28,146.5 1 100
github.com/pterm/pterm/bigtext_printer.go:148.41,150.5 1 7
github.com/pterm/pterm/bigtext_printer.go:152.29,154.5 1 25
github.com/pterm/pterm/bigtext_printer.go:154.10,156.5 1 75
github.com/pterm/pterm/bigtext_printer.go:165.40,170.2 3 7
github.com/pterm/pterm/panel_printer.go:36.63,39.2 2 96
github.com/pterm/pterm/panel_printer.go:42.62,43.17 1 2
github.com/pterm/pterm/panel_printer.go:46.2,47.11 2 2
github.com/pterm/pterm/panel_printer.go:43.17,45.3 1 1
github.com/pterm/pterm/panel_printer.go:51.74,52.23 1 20
github.com/pterm/pterm/panel_printer.go:55.2,56.11 2 20
github.com/pterm/pterm/panel_printer.go:52.23,54.3 1 1
github.com/pterm/pterm/panel_printer.go:60.68,64.2 3 19
github.com/pterm/pterm/panel_printer.go:67.75,70.2 2 19
github.com/pterm/pterm/panel_printer.go:73.72,76.2 2 0
github.com/pterm/pterm/panel_printer.go:78.45,80.33 2 45
github.com/pterm/pterm/panel_printer.go:86.2,86.12 1 45
github.com/pterm/pterm/panel_printer.go:80.33,81.32 1 99
github.com/pterm/pterm/panel_printer.go:84.3,84.14 1 99
github.com/pterm/pterm/panel_printer.go:81.32,83.4 1 117
github.com/pterm/pterm/panel_printer.go:90.49,93.15 2 96
github.com/pterm/pterm/panel_printer.go:97.2,97.26 1 51
github.com/pterm/pterm/panel_printer.go:103.2,103.36 1 51
github.com/pterm/pterm/panel_printer.go:111.2,111.26 1 51
github.com/pterm/pterm/panel_printer.go:119.2,121.23 2 51
github.com/pterm/pterm/panel_printer.go:131.2,131.35 1 51
github.com/pterm/pterm/panel_printer.go:181.2,181.17 1 51
github.com/pterm/pterm/panel_printer.go:93.15,95.3 1 45
github.com/pterm/pterm/panel_printer.go:97.26,98.31 1 104
github.com/pterm/pterm/panel_printer.go:98.31,100.4 1 126
github.com/pterm/pterm/panel_printer.go:103.36,104.27 1 9
github.com/pterm/pterm/panel_printer.go:104.27,105.32 1 18
github.com/pterm/pterm/panel_printer.go:105.32,107.5 1 27
github.com/pterm/pterm/panel_printer.go:111.26,112.27 1 104
github.com/pterm/pterm/panel_printer.go:112.27,113.32 1 54
github.com/pterm/pterm/panel_printer.go:113.32,115.5 1 72
github.com/pterm/pterm/panel_printer.go:121.23,122.34 1 9
github.com/pterm/pterm/panel_printer.go:122.34,123.29 1 27
github.com/pterm/pterm/panel_printer.go:123.29,124.68 1 27
github.com/pterm/pterm/panel_printer.go:124.68,126.6 1 21
github.com/pterm/pterm/panel_printer.go:131.35,136.31 3 104
github.com/pterm/pterm/panel_printer.go:140.3,140.40 1 104
github.com/pterm/pterm/panel_printer.go:144.3,144.38 1 104
github.com/pterm/pterm/panel_printer.go:151.3,151.34 1 104
github.com/pterm/pterm/panel_printer.go:136.31,138.4 1 126
github.com/pterm/pterm/panel_printer.go:140.40,142.4 1 126
github.com/pterm/pterm/panel_printer.go:144.38,146.26 2 126
github.com/pterm/pterm/panel_printer.go:146.26,148.5 1 104
github.com/pterm/pterm/panel_printer.go:151.34,152.22 1 215
github.com/pterm/pterm/panel_printer.go:152.22,153.43 1 215
github.com/pterm/pterm/panel_printer.go:176.5,176.16 1 215
github.com/pterm/pterm/panel_printer.go:153.43,157.28 4 312
github.com/pterm/pterm/panel_printer.go:160.6,160.30 1 312
github.com/pterm/pterm/panel_printer.go:163.6,164.28 2 312
github.com/pterm/pterm/panel_printer.go:173.6,174.23 2 312
github.com/pterm/pterm/panel_printer.go:157.28,159.7 1 285
github.com/pterm/pterm/panel_printer.go:160.30,162.7 1 276
github.com/pterm/pterm/panel_printer.go:164.28,165.44 1 285
github.com/pterm/pterm/panel_printer.go:165.44,167.8 1 87
github.com/pterm/pterm/panel_printer.go:168.12,169.51 1 27
github.com/pterm/pterm/panel_printer.go:169.51,171.8 1 17
github.com/pterm/pterm/panel_printer.go:185.38,190.2 3 92
github.com/pterm/pterm/tree_printer.go:51.63,54.2 2 1
github.com/pterm/pterm/tree_printer.go:57.63,60.2 2 1
github.com/pterm/pterm/tree_printer.go:63.70,66.2 2 1
github.com/pterm/pterm/tree_printer.go:69.75,72.2 2 1
github.com/pterm/pterm/tree_printer.go:75.66,78.2 2 1
github.com/pterm/pterm/tree_printer.go:81.64,84.2 2 1
github.com/pterm/pterm/tree_printer.go:87.59,90.2 2 8
github.com/pterm/pterm/tree_printer.go:94.58,95.16 1 2
github.com/pterm/pterm/tree_printer.go:98.2,99.11 2 2
github.com/pterm/pterm/tree_printer.go:95.16,97.3 1 1
github.com/pterm/pterm/tree_printer.go:103.70,106.2 2 0
github.com/pterm/pterm/tree_printer.go:109.37,114.2 3 3
github.com/pterm/pterm/tree_printer.go:117.48,118.24 1 4
github.com/pterm/pterm/tree_printer.go:121.2,121.24 1 4
github.com/pterm/pterm/tree_printer.go:125.2,125.50 1 4
github.com/pterm/pterm/tree_printer.go:118.24,120.3 1 2
github.com/pterm/pterm/tree_printer.go:121.24,123.3 1 2
github.com/pterm/pterm/tree_printer.go:131.73,133.28 2 12
github.com/pterm/pterm/tree_printer.go:154.2,154.12 1 12
github.com/pterm/pterm/tree_printer.go:133.28,134.22 1 32
github.com/pterm/pterm/tree_printer.go:134.22,135.31 1 21
github.com/pterm/pterm/tree_printer.go:135.31,138.5 1 17
github.com/pterm/pterm/tree_printer.go:138.10,142.5 2 4
github.com/pterm/pterm/tree_printer.go:143.9,143.30 1 11
github.com/pterm/pterm/tree_printer.go:143.30,144.31 1 11
github.com/pterm/pterm/tree_printer.go:144.31,147.5 1 7
github.com/pterm/pterm/tree_printer.go:147.10,151.5 2 4
github.com/pterm/pterm/tree_printer.go:158.68,159.32 1 11
github.com/pterm/pterm/tree_printer.go:163.2,168.42 2 9
github.com/pterm/pterm/tree_printer.go:192.2,192.14 1 9
github.com/pterm/pterm/tree_printer.go:159.32,161.3 1 2
github.com/pterm/pterm/tree_printer.go:168.42,171.23 2 86
github.com/pterm/pterm/tree_printer.go:176.3,176.35 1 86
github.com/pterm/pterm/tree_printer.go:182.3,182.37 1 86
github.com/pterm/pterm/tree_printer.go:186.3,189.5 1 86
github.com/pterm/pterm/tree_printer.go:171.23,174.4 2 1
github.com/pterm/pterm/tree_printer.go:176.35,177.52 1 77
github.com/pterm/pterm/tree_printer.go:177.52,179.5 1 1
github.com/pterm/pterm/tree_printer.go:182.37,185.4 2 97
github.com/pterm/pterm/basic_text_printer.go:21.69,24.2 2 1
github.com/pterm/pterm/basic_text_printer.go:26.80,29.2 2 0
github.com/pterm/pterm/basic_text_printer.go:33.59,34.20 1 1371
github.com/pterm/pterm/basic_text_printer.go:37.2,37.29 1 1371
github.com/pterm/pterm/basic_text_printer.go:34.20,36.3 1 1371
github.com/pterm/pterm/basic_text_printer.go:42.61,45.2 2 651
github.com/pterm/pterm/basic_text_printer.go:48.75,50.2 1 684
github.com/pterm/pterm/basic_text_printer.go:54.77,56.2 1 648
github.com/pterm/pterm/basic_text_printer.go:61.65,65.2 3 18
github.com/pterm/pterm/basic_text_printer.go:70.67,74.2 3 327
github.com/pterm/pterm/basic_text_printer.go:78.81,82.2 3 18
github.com/pterm/pterm/basic_text_printer.go:87.83,91.2 3 324
github.com/pterm/pterm/basic_text_printer.go:96.72,97.24 1 2
github.com/pterm/pterm/basic_text_printer.go:105.2,106.12 2 2
github.com/pterm/pterm/basic_text_printer.go:97.24,98.33 1 2
github.com/pterm/pterm/basic_text_printer.go:98.33,99.18 1 1
github.com/pterm/pterm/basic_text_printer.go:99.18,101.5 1 1
github.com/pterm/pterm/basic_text_printer.go:112.88,113.24 1 2
github.com/pterm/pterm/basic_text_printer.go:121.2,122.12 2 2
github.com/pterm/pterm/basic_text_printer.go:113.24,114.33 1 2
github.com/pterm/pterm/basic_text_printer.go:114.33,115.18 1 1
github.com/pterm/pterm/basic_text_printer.go:115.18,117.5 1 1
github.com/pterm/pterm/print.go:12.36,14.2 1 13790
github.com/pterm/pterm/print.go:18.38,20.2 1 253647
github.com/pterm/pterm/print.go:23.54,25.2 1 139826
github.com/pterm/pterm/print.go:29.56,31.2 1 30
github.com/pterm/pterm/print.go:34.40,37.2 2 6291
github.com/pterm/pterm/print.go:40.39,42.2 1 29128
github.com/pterm/pterm/print.go:47.30,49.2 1 3576
github.com/pterm/pterm/print.go:54.32,56.2 1 432
github.com/pterm/pterm/print.go:60.46,62.2 1 14
github.com/pterm/pterm/print.go:67.48,69.2 1 14
github.com/pterm/pterm/print.go:74.37,75.24 1 2
github.com/pterm/pterm/print.go:75.24,76.33 1 2
github.com/pterm/pterm/print.go:76.33,77.18 1 1
github.com/pterm/pterm/print.go:77.18,79.5 1 1
github.com/pterm/pterm/print.go:87.53,88.24 1 2
github.com/pterm/pterm/print.go:88.24,89.33 1 2
github.com/pterm/pterm/print.go:89.33,90.18 1 1
github.com/pterm/pterm/print.go:90.18,92.5 1 1
github.com/pterm/pterm/print.go:100.49,101.13 1 13753
github.com/pterm/pterm/print.go:105.2,108.48 3 13715
github.com/pterm/pterm/print.go:116.2,116.48 1 13715
github.com/pterm/pterm/print.go:124.2,124.14 1 13715
github.com/pterm/pterm/print.go:128.2,131.48 2 13715
github.com/pterm/pterm/print.go:101.13,103.3 1 38
github.com/pterm/pterm/print.go:108.48,109.19 1 19966
github.com/pterm/pterm/print.go:109.19,113.4 3 14278
github.com/pterm/pterm/print.go:116.48,117.23 1 3131
github.com/pterm/pterm/print.go:117.23,121.4 3 283
github.com/pterm/pterm/print.go:124.14,126.3 1 10861
github.com/pterm/pterm/print.go:131.48,132.19 1 19966
github.com/pterm/pterm/print.go:132.19,134.4 1 14278
github.com/pterm/pterm/print.go:141.51,144.2 1 173
github.com/pterm/pterm/print.go:152.31,153.13 1 12
github.com/pterm/pterm/print.go:157.2,157.34 1 6
github.com/pterm/pterm/print.go:153.13,155.3 1 6
github.com/pterm/pterm/print.go:161.45,162.13 1 7041
github.com/pterm/pterm/print.go:166.2,166.37 1 7035
github.com/pterm/pterm/print.go:162.13,164.3 1 6
github.com/pterm/pterm/print.go:170.53,172.2 1 36443
github.com/pterm/pterm/print.go:174.35,176.2 1 76
github.com/pterm/pterm/print.go:178.26,180.2 1 14561
github.com/pterm/pterm/progressbar_printer.go:63.72,66.2 2 3
github.com/pterm/pterm/progressbar_printer.go:71.76,74.2 2 1
github.com/pterm/pterm/progressbar_printer.go:77.70,80.2 2 9
github.com/pterm/pterm/progressbar_printer.go:83.74,86.2 2 1
github.com/pterm/pterm/progressbar_printer.go:89.79,92.2 2 1
github.com/pterm/pterm/progressbar_printer.go:95.80,98.2 2 1
github.com/pterm/pterm/progressbar_printer.go:101.103,104.2 2 1
github.com/pterm/pterm/progressbar_printer.go:107.80,110.2 2 1
github.com/pterm/pterm/progressbar_printer.go:113.74,116.2 2 1
github.com/pterm/pterm/progressbar_printer.go:119.74,122.2 2 1
github.com/pterm/pterm/progressbar_printer.go:125.79,128.2 2 1
github.com/pterm/pterm/progressbar_printer.go:131.78,134.2 2 1
github.com/pterm/pterm/progressbar_printer.go:137.76,140.2 2 1
github.com/pterm/pterm/progressbar_printer.go:143.79,146.2 2 2
github.com/pterm/pterm/progressbar_printer.go:149.76,152.2 2 1
github.com/pterm/pterm/progressbar_printer.go:155.84,158.2 2 0
github.com/pterm/pterm/progressbar_printer.go:161.62,164.2 2 12
github.com/pterm/pterm/progressbar_printer.go:167.76,171.2 3 14291
github.com/pterm/pterm/progressbar_printer.go:174.67,175.25 1 14315
github.com/pterm/pterm/progressbar_printer.go:178.2,178.23 1 14315
github.com/pterm/pterm/progressbar_printer.go:181.2,181.18 1 14315
github.com/pterm/pterm/progressbar_printer.go:185.2,189.21 4 14314
github.com/pterm/pterm/progressbar_printer.go:197.2,206.17 5 14314
github.com/pterm/pterm/progressbar_printer.go:209.2,209.17 1 14314
github.com/pterm/pterm/progressbar_printer.go:213.2,215.22 2 14314
github.com/pterm/pterm/progressbar_printer.go:218.2,218.23 1 14314
github.com/pterm/pterm/progressbar_printer.go:222.2,226.39 4 14314
github.com/pterm/pterm/progressbar_printer.go:230.2,231.26 2 14314
github.com/pterm/pterm/progressbar_printer.go:237.2,237.16 1 14314
github.com/pterm/pterm/progressbar_printer.go:240.2,240.10 1 14314
github.com/pterm/pterm/progressbar_printer.go:175.25,177.3 1 2
github.com/pterm/pterm/progressbar_printer.go:178.23,180.3 1 2
github.com/pterm/pterm/progressbar_printer.go:181.18,183.3 1 1
github.com/pterm/pterm/progressbar_printer.go:189.21,191.3 1 1
github.com/pterm/pterm/progressbar_printer.go:191.8,191.44 1 14313
github.com/pterm/pterm/progressbar_printer.go:191.44,193.3 1 1
github.com/pterm/pterm/progressbar_printer.go:193.8,195.3 1 14312
github.com/pterm/pterm/progressbar_printer.go:206.17,208.3 1 14313
github.com/pterm/pterm/progressbar_printer.go:209.17,211.3 1 14313
github.com/pterm/pterm/progressbar_printer.go:215.22,217.3 1 14313
github.com/pterm/pterm/progressbar_printer.go:218.23,220.3 1 14313
github.com/pterm/pterm/progressbar_printer.go:226.39,228.3 1 14312
github.com/pterm/pterm/progressbar_printer.go:231.26,233.3 1 37
github.com/pterm/pterm/progressbar_printer.go:233.8,235.3 1 14277
github.com/pterm/pterm/progressbar_printer.go:237.16,239.3 1 6871
github.com/pterm/pterm/progressbar_printer.go:244.65,245.18 1 18
github.com/pterm/pterm/progressbar_printer.go:249.2,252.26 3 17
github.com/pterm/pterm/progressbar_printer.go:255.2,255.10 1 17
github.com/pterm/pterm/progressbar_printer.go:245.18,247.3 1 1
github.com/pterm/pterm/progressbar_printer.go:252.26,254.3 1 1
github.com/pterm/pterm/progressbar_printer.go:259.66,260.30 1 7
github.com/pterm/pterm/progressbar_printer.go:263.2,269.16 5 7
github.com/pterm/pterm/progressbar_printer.go:260.30,262.3 1 1
github.com/pterm/pterm/progressbar_printer.go:273.66,274.17 1 10
github.com/pterm/pterm/progressbar_printer.go:277.2,278.22 2 3
github.com/pterm/pterm/progressbar_printer.go:284.2,284.15 1 3
github.com/pterm/pterm/progressbar_printer.go:274.17,276.3 1 7
github.com/pterm/pterm/progressbar_printer.go:278.22,281.3 2 1
github.com/pterm/pterm/progressbar_printer.go:281.8,283.3 1 2
github.com/pterm/pterm/progressbar_printer.go:290.66,294.2 3 2
github.com/pterm/pterm/progressbar_printer.go:299.65,303.2 3 1
github.com/pterm/pterm/progressbar_printer.go:306.61,308.2 1 14314
github.com/pterm/pterm/progressbar_printer.go:310.56,313.2 2 14313
github.com/pterm/pterm/prefix_printer.go:101.65,104.2 2 10
github.com/pterm/pterm/prefix_printer.go:107.62,110.2 2 100
github.com/pterm/pterm/prefix_printer.go:113.70,116.2 2 5
github.com/pterm/pterm/prefix_printer.go:122.60,125.2 2 11
github.com/pterm/pterm/prefix_printer.go:128.69,131.2 2 95
github.com/pterm/pterm/prefix_printer.go:136.63,139.2 2 75
github.com/pterm/pterm/prefix_printer.go:144.72,147.2 2 5
github.com/pterm/pterm/prefix_printer.go:150.74,153.2 2 0
github.com/pterm/pterm/prefix_printer.go:157.57,159.39 2 10852
github.com/pterm/pterm/prefix_printer.go:163.2,163.15 1 10762
github.com/pterm/pterm/prefix_printer.go:171.2,171.27 1 5110
github.com/pterm/pterm/prefix_printer.go:174.2,174.26 1 5110
github.com/pterm/pterm/prefix_printer.go:177.2,177.27 1 5110
github.com/pterm/pterm/prefix_printer.go:181.2,184.32 3 5110
github.com/pterm/pterm/prefix_printer.go:189.2,190.33 2 5110
github.com/pterm/pterm/prefix_printer.go:202.2,204.22 2 5110
github.com/pterm/pterm/prefix_printer.go:209.2,209.13 1 5110
github.com/pterm/pterm/prefix_printer.go:213.2,213.20 1 5110
github.com/pterm/pterm/prefix_printer.go:159.39,161.3 1 90
github.com/pterm/pterm/prefix_printer.go:163.15,164.26 1 5652
github.com/pterm/pterm/prefix_printer.go:164.26,166.4 1 5607
github.com/pterm/pterm/prefix_printer.go:166.9,168.4 1 45
github.com/pterm/pterm/prefix_printer.go:171.27,173.3 1 1
github.com/pterm/pterm/prefix_printer.go:174.26,176.3 1 1663
github.com/pterm/pterm/prefix_printer.go:177.27,179.3 1 1
github.com/pterm/pterm/prefix_printer.go:184.32,187.3 2 3095
github.com/pterm/pterm/prefix_printer.go:190.33,191.13 1 5133
github.com/pterm/pterm/prefix_printer.go:191.13,193.26 2 5110
github.com/pterm/pterm/prefix_printer.go:196.4,196.35 1 5110
github.com/pterm/pterm/prefix_printer.go:193.26,195.5 1 50
github.com/pterm/pterm/prefix_printer.go:197.9,199.4 1 23
github.com/pterm/pterm/prefix_printer.go:204.22,207.3 2 45
github.com/pterm/pterm/prefix_printer.go:209.13,211.3 1 3095
github.com/pterm/pterm/prefix_printer.go:218.58,219.39 1 6600
github.com/pterm/pterm/prefix_printer.go:222.2,223.22 2 6510
github.com/pterm/pterm/prefix_printer.go:219.39,221.3 1 90
github.com/pterm/pterm/prefix_printer.go:227.72,228.39 1 3695
github.com/pterm/pterm/prefix_printer.go:231.2,231.40 1 3605
github.com/pterm/pterm/prefix_printer.go:228.39,230.3 1 90
github.com/pterm/pterm/prefix_printer.go:236.74,237.39 1 3330
github.com/pterm/pterm/prefix_printer.go:240.2,240.39 1 3240
github.com/pterm/pterm/prefix_printer.go:237.39,239.3 1 90
github.com/pterm/pterm/prefix_printer.go:246.62,248.39 2 420
github.com/pterm/pterm/prefix_printer.go:251.2,253.12 3 410
github.com/pterm/pterm/prefix_printer.go:248.39,250.3 1 10
github.com/pterm/pterm/prefix_printer.go:259.64,261.39 2 3280
github.com/pterm/pterm/prefix_printer.go:264.2,266.12 3 3270
github.com/pterm/pterm/prefix_printer.go:261.39,263.3 1 10
github.com/pterm/pterm/prefix_printer.go:271.78,273.39 2 190
github.com/pterm/pterm/prefix_printer.go:276.2,278.12 3 180
github.com/pterm/pterm/prefix_printer.go:273.39,275.3 1 10
github.com/pterm/pterm/prefix_printer.go:284.80,286.39 2 1630
github.com/pterm/pterm/prefix_printer.go:289.2,291.12 3 1620
github.com/pterm/pterm/prefix_printer.go:286.39,288.3 1 10
github.com/pterm/pterm/prefix_printer.go:299.69,300.24 1 10
github.com/pterm/pterm/prefix_printer.go:308.2,309.12 2 10
github.com/pterm/pterm/prefix_printer.go:300.24,301.33 1 10
github.com/pterm/pterm/prefix_printer.go:301.33,302.18 1 5
github.com/pterm/pterm/prefix_printer.go:302.18,304.5 1 5
github.com/pterm/pterm/prefix_printer.go:315.85,316.24 1 10
github.com/pterm/pterm/prefix_printer.go:324.2,325.12 2 10
github.com/pterm/pterm/prefix_printer.go:316.24,317.33 1 10
github.com/pterm/pterm/prefix_printer.go:317.33,318.18 1 5
github.com/pterm/pterm/prefix_printer.go:318.18,320.5 1 5
github.com/pterm/pterm/prefix_printer.go:329.52,331.2 1 5115
github.com/pterm/pterm/prefix_printer.go:346.35,347.13 1 5480
github.com/pterm/pterm/prefix_printer.go:347.13,348.12 1 5
github.com/pterm/pterm/area_printer.go:28.43,30.2 1 9
github.com/pterm/pterm/area_printer.go:33.65,36.2 2 3
github.com/pterm/pterm/area_printer.go:39.61,42.2 2 2
github.com/pterm/pterm/area_printer.go:45.57,48.2 2 1
github.com/pterm/pterm/area_printer.go:52.51,53.19 1 18
github.com/pterm/pterm/area_printer.go:57.2,60.14 3 18
github.com/pterm/pterm/area_printer.go:64.2,64.18 1 18
github.com/pterm/pterm/area_printer.go:82.2,82.20 1 18
github.com/pterm/pterm/area_printer.go:53.19,56.3 2 2
github.com/pterm/pterm/area_printer.go:60.14,62.3 1 2
github.com/pterm/pterm/area_printer.go:64.18,72.15 6 2
github.com/pterm/pterm/area_printer.go:77.3,77.29 1 2
github.com/pterm/pterm/area_printer.go:72.15,75.4 2 2
github.com/pterm/pterm/area_printer.go:77.29,80.4 2 2
github.com/pterm/pterm/area_printer.go:86.72,95.2 6 5
github.com/pterm/pterm/area_printer.go:99.36,101.22 2 4
github.com/pterm/pterm/area_printer.go:104.2,104.12 1 4
github.com/pterm/pterm/area_printer.go:101.22,103.3 1 2
github.com/pterm/pterm/area_printer.go:110.60,114.2 3 2
github.com/pterm/pterm/area_printer.go:119.59,123.2 3 1
github.com/pterm/pterm/area_printer.go:128.31,130.2 1 3
github.com/pterm/pterm/bulletlist_printer.go:11.77,13.25 2 2
github.com/pterm/pterm/bulletlist_printer.go:16.2,16.42 1 2
github.com/pterm/pterm/bulletlist_printer.go:13.25,15.3 1 8
github.com/pterm/pterm/bulletlist_printer.go:20.78,26.2 2 8
github.com/pterm/pterm/bulletlist_printer.go:38.62,41.2 2 1
github.com/pterm/pterm/bulletlist_printer.go:44.63,47.2 2 1
github.com/pterm/pterm/bulletlist_printer.go:50.69,53.2 2 1
github.com/pterm/pterm/bulletlist_printer.go:56.67,59.2 2 1
github.com/pterm/pterm/bulletlist_printer.go:62.71,65.2 2 1
github.com/pterm/pterm/bulletlist_printer.go:68.74,70.2 1 2
github.com/pterm/pterm/bulletlist_printer.go:89.81,92.2 2 76
github.com/pterm/pterm/bulletlist_printer.go:95.75,98.2 2 1
github.com/pterm/pterm/bulletlist_printer.go:101.73,104.2 2 1
github.com/pterm/pterm/bulletlist_printer.go:107.77,110.2 2 1
github.com/pterm/pterm/bulletlist_printer.go:113.82,116.2 2 0
github.com/pterm/pterm/bulletlist_printer.go:119.43,124.2 3 56
github.com/pterm/pterm/bulletlist_printer.go:127.54,129.31 2 74
github.com/pterm/pterm/bulletlist_printer.go:150.2,150.17 1 74
github.com/pterm/pterm/bulletlist_printer.go:129.31,130.28 1 74
github.com/pterm/pterm/bulletlist_printer.go:137.3,137.30 1 74
github.com/pterm/pterm/bulletlist_printer.go:144.3,144.24 1 74
github.com/pterm/pterm/bulletlist_printer.go:130.28,131.26 1 74
github.com/pterm/pterm/bulletlist_printer.go:131.26,133.5 1 18
github.com/pterm/pterm/bulletlist_printer.go:133.10,135.5 1 56
github.com/pterm/pterm/bulletlist_printer.go:137.30,138.28 1 74
github.com/pterm/pterm/bulletlist_printer.go:138.28,140.5 1 18
github.com/pterm/pterm/bulletlist_printer.go:140.10,142.5 1 56
github.com/pterm/pterm/bulletlist_printer.go:144.24,146.4 1 56
github.com/pterm/pterm/bulletlist_printer.go:146.9,148.4 1 18
github.com/pterm/pterm/header_printer.go:35.67,38.2 2 1
github.com/pterm/pterm/header_printer.go:41.73,44.2 2 3
github.com/pterm/pterm/header_printer.go:47.62,50.2 2 3
github.com/pterm/pterm/header_printer.go:53.64,56.2 2 21
github.com/pterm/pterm/header_printer.go:59.74,62.2 2 0
github.com/pterm/pterm/header_printer.go:66.56,67.15 1 1393
github.com/pterm/pterm/header_printer.go:71.2,71.24 1 664
github.com/pterm/pterm/header_printer.go:74.2,74.30 1 664
github.com/pterm/pterm/header_printer.go:78.2,85.17 5 664
github.com/pterm/pterm/header_printer.go:98.2,101.17 3 664
github.com/pterm/pterm/header_printer.go:108.2,109.49 2 664
github.com/pterm/pterm/header_printer.go:117.2,119.12 2 664
github.com/pterm/pterm/header_printer.go:67.15,69.3 1 729
github.com/pterm/pterm/header_printer.go:71.24,73.3 1 3
github.com/pterm/pterm/header_printer.go:74.30,76.3 1 3
github.com/pterm/pterm/header_printer.go:85.17,88.3 2 11
github.com/pterm/pterm/header_printer.go:88.8,89.42 1 653
github.com/pterm/pterm/header_printer.go:89.42,92.4 2 1
github.com/pterm/pterm/header_printer.go:92.9,95.4 2 652
github.com/pterm/pterm/header_printer.go:101.17,104.3 2 11
github.com/pterm/pterm/header_printer.go:104.8,106.3 1 653
github.com/pterm/pterm/header_printer.go:109.49,112.69 3 666
github.com/pterm/pterm/header_printer.go:115.3,115.67 1 666
github.com/pterm/pterm/header_printer.go:112.69,114.4 1 8
github.com/pterm/pterm/header_printer.go:122.47,125.32 3 664
github.com/pterm/pterm/header_printer.go:146.2,147.26 2 664
github.com/pterm/pterm/header_printer.go:151.2,151.39 1 664
github.com/pterm/pterm/header_printer.go:125.32,126.65 1 664
github.com/pterm/pterm/header_printer.go:126.65,129.32 3 2
github.com/pterm/pterm/header_printer.go:136.4,136.41 1 2
github.com/pterm/pterm/header_printer.go:129.32,130.31 1 272
github.com/pterm/pterm/header_printer.go:134.5,134.52 1 272
github.com/pterm/pterm/header_printer.go:130.31,133.6 2 2
github.com/pterm/pterm/header_printer.go:136.41,139.5 2 4
github.com/pterm/pterm/header_printer.go:140.9,143.4 2 662
github.com/pterm/pterm/header_printer.go:147.26,149.3 1 666
github.com/pterm/pterm/header_printer.go:156.58,158.2 1 652
github.com/pterm/pterm/header_printer.go:161.72,163.2 1 684
github.com/pterm/pterm/header_printer.go:167.74,169.2 1 648
github.com/pterm/pterm/header_printer.go:174.62,178.2 3 36
github.com/pterm/pterm/header_printer.go:183.64,187.2 3 328
github.com/pterm/pterm/header_printer.go:191.78,195.2 3 18
github.com/pterm/pterm/header_printer.go:200.80,204.2 3 324
github.com/pterm/pterm/header_printer.go:209.69,210.24 1 2
github.com/pterm/pterm/header_printer.go:218.2,219.12 2 2
github.com/pterm/pterm/header_printer.go:210.24,211.33 1 2
github.com/pterm/pterm/header_printer.go:211.33,212.18 1 1
github.com/pterm/pterm/header_printer.go:212.18,214.5 1 1
github.com/pterm/pterm/header_printer.go:225.85,226.24 1 2
github.com/pterm/pterm/header_printer.go:234.2,235.12 2 2
github.com/pterm/pterm/header_printer.go:226.24,227.33 1 2
github.com/pterm/pterm/header_printer.go:227.33,228.18 1 1
github.com/pterm/pterm/header_printer.go:228.18,230.5 1 1
github.com/pterm/pterm/center_printer.go:25.79,29.2 3 3
github.com/pterm/pterm/center_printer.go:32.74,35.2 2 0
github.com/pterm/pterm/center_printer.go:39.56,40.15 1 2096
github.com/pterm/pterm/center_printer.go:44.2,48.32 3 998
github.com/pterm/pterm/center_printer.go:60.2,62.29 2 655
github.com/pterm/pterm/center_printer.go:69.2,71.18 2 655
github.com/pterm/pterm/center_printer.go:79.2,79.29 1 653
github.com/pterm/pterm/center_printer.go:83.2,83.12 1 653
github.com/pterm/pterm/center_printer.go:40.15,42.3 1 1098
github.com/pterm/pterm/center_printer.go:48.32,49.30 1 343
github.com/pterm/pterm/center_printer.go:57.3,57.13 1 343
github.com/pterm/pterm/center_printer.go:49.30,51.18 2 649
github.com/pterm/pterm/center_printer.go:51.18,53.5 1 1
github.com/pterm/pterm/center_printer.go:53.10,55.5 1 648
github.com/pterm/pterm/center_printer.go:62.29,64.32 2 971
github.com/pterm/pterm/center_printer.go:64.32,66.4 1 654
github.com/pterm/pterm/center_printer.go:71.18,72.30 1 2
github.com/pterm/pterm/center_printer.go:76.3,76.13 1 2
github.com/pterm/pterm/center_printer.go:72.30,74.4 1 5
github.com/pterm/pterm/center_printer.go:79.29,81.3 1 966
github.com/pterm/pterm/center_printer.go:88.58,90.2 1 1298
github.com/pterm/pterm/center_printer.go:93.72,95.2 1 720
github.com/pterm/pterm/center_printer.go:99.74,101.2 1 648
github.com/pterm/pterm/center_printer.go:106.61,110.2 3 38
github.com/pterm/pterm/center_printer.go:115.63,119.2 3 650
github.com/pterm/pterm/center_printer.go:123.77,127.2 3 36
github.com/pterm/pterm/center_printer.go:132.79,136.2 3 324
github.com/pterm/pterm/center_printer.go:141.68,142.24 1 2
github.com/pterm/pterm/center_printer.go:150.2,151.12 2 2
github.com/pterm/pterm/center_printer.go:142.24,143.33 1 2
github.com/pterm/pterm/center_printer.go:143.33,144.18 1 1
github.com/pterm/pterm/center_printer.go:144.18,146.5 1 1
github.com/pterm/pterm/center_printer.go:157.84,158.24 1 2
github.com/pterm/pterm/center_printer.go:166.2,167.12 2 2
github.com/pterm/pterm/center_printer.go:158.24,159.33 1 2
github.com/pterm/pterm/center_printer.go:159.33,160.18 1 1
github.com/pterm/pterm/center_printer.go:160.18,162.5 1 1
github.com/pterm/pterm/table_printer.go:48.61,51.2 2 1
github.com/pterm/pterm/table_printer.go:54.62,57.2 2 9
github.com/pterm/pterm/table_printer.go:60.67,63.2 2 1
github.com/pterm/pterm/table_printer.go:66.78,69.2 2 4
github.com/pterm/pterm/table_printer.go:72.79,75.2 2 1
github.com/pterm/pterm/table_printer.go:78.69,81.2 2 1
github.com/pterm/pterm/table_printer.go:84.70,87.2 2 1
github.com/pterm/pterm/table_printer.go:90.72,93.2 2 3
github.com/pterm/pterm/table_printer.go:96.73,99.2 2 1
github.com/pterm/pterm/table_printer.go:102.63,105.2 2 9
github.com/pterm/pterm/table_printer.go:108.71,109.50 1 1
github.com/pterm/pterm/table_printer.go:112.2,112.11 1 1
github.com/pterm/pterm/table_printer.go:109.50,111.3 1 1
github.com/pterm/pterm/table_printer.go:116.58,119.2 2 1
github.com/pterm/pterm/table_printer.go:122.66,127.2 4 2
github.com/pterm/pterm/table_printer.go:130.67,135.2 4 2
github.com/pterm/pterm/table_printer.go:138.72,141.2 2 0
github.com/pterm/pterm/table_printer.go:144.49,145.20 1 10
github.com/pterm/pterm/table_printer.go:148.2,148.29 1 10
github.com/pterm/pterm/table_printer.go:151.2,151.26 1 10
github.com/pterm/pterm/table_printer.go:154.2,154.38 1 10
github.com/pterm/pterm/table_printer.go:157.2,157.32 1 10
github.com/pterm/pterm/table_printer.go:161.2,164.29 3 10
github.com/pterm/pterm/table_printer.go:173.2,173.30 1 10
github.com/pterm/pterm/table_printer.go:202.2,204.13 2 10
github.com/pterm/pterm/table_printer.go:208.2,208.17 1 10
github.com/pterm/pterm/table_printer.go:145.20,147.3 1 1
github.com/pterm/pterm/table_printer.go:148.29,150.3 1 1
github.com/pterm/pterm/table_printer.go:151.26,153.3 1 1
github.com/pterm/pterm/table_printer.go:154.38,156.3 1 1
github.com/pterm/pterm/table_printer.go:157.32,159.3 1 1
github.com/pterm/pterm/table_printer.go:164.29,165.31 1 41
github.com/pterm/pterm/table_printer.go:165.31,167.41 2 123
github.com/pterm/pterm/table_printer.go:167.41,169.5 1 33
github.com/pterm/pterm/table_printer.go:173.30,175.31 2 41
github.com/pterm/pterm/table_printer.go:191.3,191.59 1 41
github.com/pterm/pterm/table_printer.go:195.3,195.61 1 41
github.com/pterm/pterm/table_printer.go:199.3,199.14 1 41
github.com/pterm/pterm/table_printer.go:175.31,179.33 3 123
github.com/pterm/pterm/table_printer.go:184.4,184.30 1 123
github.com/pterm/pterm/table_printer.go:179.33,182.5 2 82
github.com/pterm/pterm/table_printer.go:184.30,186.5 1 24
github.com/pterm/pterm/table_printer.go:186.10,188.5 1 99
github.com/pterm/pterm/table_printer.go:191.59,193.4 1 3
github.com/pterm/pterm/table_printer.go:195.61,197.4 1 4
github.com/pterm/pterm/table_printer.go:204.13,206.3 1 1
github.com/pterm/pterm/table_printer.go:211.82,213.22 2 123
github.com/pterm/pterm/table_printer.go:216.2,216.64 1 111
github.com/pterm/pterm/table_printer.go:213.22,215.3 1 12
github.com/pterm/pterm/table_printer.go:219.75,221.2 1 3
github.com/pterm/pterm/table_printer.go:223.69,225.2 1 4
github.com/pterm/pterm/table_printer.go:228.38,233.2 3 9
github.com/pterm/pterm/barchart.go:44.63,47.2 2 14
github.com/pterm/pterm/barchart.go:50.81,53.2 2 1
github.com/pterm/pterm/barchart.go:56.83,59.2 2 1
github.com/pterm/pterm/barchart.go:62.69,66.2 3 5
github.com/pterm/pterm/barchart.go:69.65,72.2 2 1
github.com/pterm/pterm/barchart.go:75.64,78.2 2 1
github.com/pterm/pterm/barchart.go:81.68,84.2 2 11
github.com/pterm/pterm/barchart.go:87.78,90.2 2 0
github.com/pterm/pterm/barchart.go:92.48,95.29 2 1
github.com/pterm/pterm/barchart.go:99.2,99.12 1 1
github.com/pterm/pterm/barchart.go:95.29,97.3 1 6
github.com/pterm/pterm/barchart.go:103.52,104.50 1 15
github.com/pterm/pterm/barchart.go:122.2,122.29 1 15
github.com/pterm/pterm/barchart.go:131.2,144.82 2 15
github.com/pterm/pterm/barchart.go:168.2,168.82 1 15
github.com/pterm/pterm/barchart.go:183.2,183.84 1 15
github.com/pterm/pterm/barchart.go:207.2,207.84 1 15
github.com/pterm/pterm/barchart.go:248.2,248.15 1 15
github.com/pterm/pterm/barchart.go:251.2,251.29 1 14
github.com/pterm/pterm/barchart.go:263.2,271.29 7 14
github.com/pterm/pterm/barchart.go:284.2,286.18 2 14
github.com/pterm/pterm/barchart.go:415.2,415.17 1 10
github.com/pterm/pterm/barchart.go:104.50,108.22 3 14
github.com/pterm/pterm/barchart.go:113.3,115.28 2 14
github.com/pterm/pterm/barchart.go:119.3,119.16 1 14
github.com/pterm/pterm/barchart.go:108.22,111.4 2 11
github.com/pterm/pterm/barchart.go:115.28,117.4 1 4
github.com/pterm/pterm/barchart.go:122.29,123.16 1 4
github.com/pterm/pterm/barchart.go:127.3,127.15 1 2
github.com/pterm/pterm/barchart.go:123.16,125.4 1 2
github.com/pterm/pterm/barchart.go:144.82,145.24 1 16
github.com/pterm/pterm/barchart.go:149.3,149.56 1 16
github.com/pterm/pterm/barchart.go:161.3,161.21 1 16
github.com/pterm/pterm/barchart.go:145.24,147.4 1 9
github.com/pterm/pterm/barchart.go:149.56,150.31 1 560
github.com/pterm/pterm/barchart.go:150.31,152.5 1 180
github.com/pterm/pterm/barchart.go:152.10,154.5 1 380
github.com/pterm/pterm/barchart.go:161.21,162.58 1 4
github.com/pterm/pterm/barchart.go:162.58,164.5 1 60
github.com/pterm/pterm/barchart.go:168.82,169.57 1 14
github.com/pterm/pterm/barchart.go:177.3,177.24 1 14
github.com/pterm/pterm/barchart.go:169.57,170.31 1 508
github.com/pterm/pterm/barchart.go:170.31,172.5 1 393
github.com/pterm/pterm/barchart.go:172.10,174.5 1 115
github.com/pterm/pterm/barchart.go:177.24,179.4 1 12
github.com/pterm/pterm/barchart.go:183.84,184.24 1 11
github.com/pterm/pterm/barchart.go:190.3,190.55 1 11
github.com/pterm/pterm/barchart.go:198.3,198.24 1 11
github.com/pterm/pterm/barchart.go:184.24,185.56 1 3
github.com/pterm/pterm/barchart.go:185.56,187.5 1 45
github.com/pterm/pterm/barchart.go:190.55,191.31 1 502
github.com/pterm/pterm/barchart.go:191.31,193.5 1 243
github.com/pterm/pterm/barchart.go:193.10,195.5 1 259
github.com/pterm/pterm/barchart.go:198.24,204.4 2 11
github.com/pterm/pterm/barchart.go:207.84,208.56 1 10
github.com/pterm/pterm/barchart.go:218.3,218.41 1 10
github.com/pterm/pterm/barchart.go:224.3,224.24 1 10
github.com/pterm/pterm/barchart.go:208.56,209.31 1 454
github.com/pterm/pterm/barchart.go:209.31,211.5 1 310
github.com/pterm/pterm/barchart.go:211.10,213.5 1 144
github.com/pterm/pterm/barchart.go:218.41,219.56 1 2
github.com/pterm/pterm/barchart.go:219.56,221.5 1 52
github.com/pterm/pterm/barchart.go:224.24,239.32 1 10
github.com/pterm/pterm/barchart.go:243.4,243.60 1 10
github.com/pterm/pterm/barchart.go:239.32,241.5 1 2
github.com/pterm/pterm/barchart.go:248.15,250.3 1 1
github.com/pterm/pterm/barchart.go:251.29,252.23 1 51
github.com/pterm/pterm/barchart.go:256.3,256.28 1 51
github.com/pterm/pterm/barchart.go:260.3,260.59 1 51
github.com/pterm/pterm/barchart.go:252.23,254.4 1 3
github.com/pterm/pterm/barchart.go:256.28,258.4 1 48
github.com/pterm/pterm/barchart.go:271.29,272.30 1 51
github.com/pterm/pterm/barchart.go:275.3,275.30 1 51
github.com/pterm/pterm/barchart.go:278.3,279.35 2 51
github.com/pterm/pterm/barchart.go:272.30,274.4 1 13
github.com/pterm/pterm/barchart.go:275.30,277.4 1 8
github.com/pterm/pterm/barchart.go:279.35,281.4 1 15
github.com/pterm/pterm/barchart.go:286.18,294.41 5 4
github.com/pterm/pterm/barchart.go:299.3,299.30 1 4
github.com/pterm/pterm/barchart.go:331.3,332.18 2 4
github.com/pterm/pterm/barchart.go:294.41,297.4 2 1
github.com/pterm/pterm/barchart.go:299.30,304.24 4 21
github.com/pterm/pterm/barchart.go:304.24,310.5 3 8
github.com/pterm/pterm/barchart.go:310.10,310.31 1 13
github.com/pterm/pterm/barchart.go:310.31,316.5 3 8
github.com/pterm/pterm/barchart.go:316.10,320.23 2 5
github.com/pterm/pterm/barchart.go:326.5,326.22 1 5
github.com/pterm/pterm/barchart.go:320.23,324.6 2 3
github.com/pterm/pterm/barchart.go:326.22,328.6 1 2
github.com/pterm/pterm/barchart.go:333.8,341.41 5 10
github.com/pterm/pterm/barchart.go:346.3,346.30 1 10
github.com/pterm/pterm/barchart.go:381.3,383.36 2 10
github.com/pterm/pterm/barchart.go:390.3,390.36 1 10
github.com/pterm/pterm/barchart.go:397.3,397.38 1 10
github.com/pterm/pterm/barchart.go:341.41,344.4 2 1
github.com/pterm/pterm/barchart.go:346.30,351.24 4 30
github.com/pterm/pterm/barchart.go:377.4,378.102 2 30
github.com/pterm/pterm/barchart.go:351.24,357.5 3 12
github.com/pterm/pterm/barchart.go:357.10,357.31 1 18
github.com/pterm/pterm/barchart.go:357.31,362.5 2 12
github.com/pterm/pterm/barchart.go:362.10,366.23 2 6
github.com/pterm/pterm/barchart.go:372.5,372.22 1 6
github.com/pterm/pterm/barchart.go:366.23,370.6 2 4
github.com/pterm/pterm/barchart.go:372.22,374.6 1 2
github.com/pterm/pterm/barchart.go:383.36,385.37 2 30
github.com/pterm/pterm/barchart.go:385.37,387.5 1 9
github.com/pterm/pterm/barchart.go:390.36,392.37 2 30
github.com/pterm/pterm/barchart.go:392.37,394.5 1 2
github.com/pterm/pterm/barchart.go:397.38,398.43 1 383
github.com/pterm/pterm/barchart.go:411.4,411.15 1 383
github.com/pterm/pterm/barchart.go:398.43,402.29 4 1257
github.com/pterm/pterm/barchart.go:405.5,406.39 2 1257
github.com/pterm/pterm/barchart.go:409.5,409.19 1 1257
github.com/pterm/pterm/barchart.go:402.29,404.6 1 1227
github.com/pterm/pterm/barchart.go:406.39,408.6 1 712
github.com/pterm/pterm/barchart.go:419.41,424.2 3 14
github.com/pterm/pterm/pterm.go:22.13,24.2 1 1
github.com/pterm/pterm/pterm.go:27.21,29.2 1 1
github.com/pterm/pterm/pterm.go:32.22,34.2 1 2
github.com/pterm/pterm/pterm.go:37.28,39.2 1 31
github.com/pterm/pterm/pterm.go:42.29,44.2 1 36
github.com/pterm/pterm/pterm.go:48.22,51.2 2 14223
github.com/pterm/pterm/pterm.go:56.23,59.2 2 14223
github.com/pterm/pterm/pterm.go:62.32,67.2 3 10
github.com/pterm/pterm/terminal.go:24.29,25.29 1 30970
github.com/pterm/pterm/terminal.go:28.2,29.14 2 7
github.com/pterm/pterm/terminal.go:25.29,27.3 1 30963
github.com/pterm/pterm/terminal.go:33.30,34.30 1 17
github.com/pterm/pterm/terminal.go:37.2,38.15 2 4
github.com/pterm/pterm/terminal.go:34.30,36.3 1 13
github.com/pterm/pterm/terminal.go:42.55,43.57 1 13
github.com/pterm/pterm/terminal.go:46.2,47.12 2 12
github.com/pterm/pterm/terminal.go:50.2,50.12 1 12
github.com/pterm/pterm/terminal.go:53.2,53.16 1 12
github.com/pterm/pterm/terminal.go:56.2,56.18 1 12
github.com/pterm/pterm/terminal.go:43.57,45.3 1 1
github.com/pterm/pterm/terminal.go:47.12,49.3 1 12
github.com/pterm/pterm/terminal.go:50.12,52.3 1 12
github.com/pterm/pterm/terminal.go:53.16,55.3 1 12
github.com/pterm/pterm/terminal.go:60.51,64.2 3 10
github.com/pterm/pterm/paragraph_printer.go:23.69,26.2 2 1
github.com/pterm/pterm/paragraph_printer.go:29.80,32.2 2 0
github.com/pterm/pterm/paragraph_printer.go:36.59,37.15 1 1373
github.com/pterm/pterm/paragraph_printer.go:41.2,42.21 2 653
github.com/pterm/pterm/paragraph_printer.go:45.2,47.33 3 652
github.com/pterm/pterm/paragraph_printer.go:57.2,57.16 1 652
github.com/pterm/pterm/paragraph_printer.go:37.15,39.3 1 720
github.com/pterm/pterm/paragraph_printer.go:42.21,44.3 1 1
github.com/pterm/pterm/paragraph_printer.go:47.33,48.30 1 405
github.com/pterm/pterm/paragraph_printer.go:48.30,51.4 2 3
github.com/pterm/pterm/paragraph_printer.go:51.9,54.4 2 402
github.com/pterm/pterm/paragraph_printer.go:62.61,64.2 1 651
github.com/pterm/pterm/paragraph_printer.go:67.75,69.2 1 684
github.com/pterm/pterm/paragraph_printer.go:73.77,75.2 1 648
github.com/pterm/pterm/paragraph_printer.go:80.65,84.2 3 20
github.com/pterm/pterm/paragraph_printer.go:89.67,93.2 3 327
github.com/pterm/pterm/paragraph_printer.go:97.81,101.2 3 18
github.com/pterm/pterm/paragraph_printer.go:106.83,110.2 3 324
github.com/pterm/pterm/paragraph_printer.go:115.72,116.24 1 2
github.com/pterm/pterm/paragraph_printer.go:124.2,125.12 2 2
github.com/pterm/pterm/paragraph_printer.go:116.24,117.33 1 2
github.com/pterm/pterm/paragraph_printer.go:117.33,118.18 1 1
github.com/pterm/pterm/paragraph_printer.go:118.18,120.5 1 1
github.com/pterm/pterm/paragraph_printer.go:131.88,132.24 1 2
github.com/pterm/pterm/paragraph_printer.go:140.2,141.12 2 2
github.com/pterm/pterm/paragraph_printer.go:132.24,133.33 1 2
github.com/pterm/pterm/paragraph_printer.go:133.33,134.18 1 1
github.com/pterm/pterm/paragraph_printer.go:134.18,136.5 1 1
github.com/pterm/pterm/section_printer.go:30.65,33.2 2 2
github.com/pterm/pterm/section_printer.go:36.62,39.2 2 4
github.com/pterm/pterm/section_printer.go:42.74,45.2 2 1
github.com/pterm/pterm/section_printer.go:48.69,51.2 2 2
github.com/pterm/pterm/section_printer.go:54.72,57.2 2 2
github.com/pterm/pterm/section_printer.go:60.76,63.2 2 0
github.com/pterm/pterm/section_printer.go:67.57,68.20 1 1379
github.com/pterm/pterm/section_printer.go:72.2,74.36 2 1379
github.com/pterm/pterm/section_printer.go:78.2,78.17 1 1379
github.com/pterm/pterm/section_printer.go:82.2,84.39 2 1379
github.com/pterm/pterm/section_printer.go:88.2,88.12 1 1379
github.com/pterm/pterm/section_printer.go:68.20,70.3 1 1
github.com/pterm/pterm/section_printer.go:74.36,76.3 1 1375
github.com/pterm/pterm/section_printer.go:78.17,80.3 1 1378
github.com/pterm/pterm/section_printer.go:84.39,86.3 1 1375
github.com/pterm/pterm/section_printer.go:93.59,96.2 2 657
github.com/pterm/pterm/section_printer.go:99.73,101.2 1 686
github.com/pterm/pterm/section_printer.go:105.75,107.2 1 650
github.com/pterm/pterm/section_printer.go:112.63,116.2 3 18
github.com/pterm/pterm/section_printer.go:121.65,125.2 3 333
github.com/pterm/pterm/section_printer.go:129.79,133.2 3 18
github.com/pterm/pterm/section_printer.go:138.81,142.2 3 326
github.com/pterm/pterm/section_printer.go:147.70,148.24 1 2
github.com/pterm/pterm/section_printer.go:156.2,157.12 2 2
github.com/pterm/pterm/section_printer.go:148.24,149.33 1 2
github.com/pterm/pterm/section_printer.go:149.33,150.18 1 1
github.com/pterm/pterm/section_printer.go:150.18,152.5 1 1
github.com/pterm/pterm/section_printer.go:163.86,164.24 1 2
github.com/pterm/pterm/section_printer.go:172.2,173.12 2 2
github.com/pterm/pterm/section_printer.go:164.24,165.33 1 2
github.com/pterm/pterm/section_printer.go:165.33,166.18 1 1
github.com/pterm/pterm/section_printer.go:166.18,168.5 1 1
github.com/pterm/pterm/color.go:14.20,17.2 2 14224
github.com/pterm/pterm/color.go:20.21,23.2 2 14225
github.com/pterm/pterm/color.go:142.50,145.2 2 650
github.com/pterm/pterm/color.go:150.48,153.36 3 73138
github.com/pterm/pterm/color.go:156.2,157.16 2 73138
github.com/pterm/pterm/color.go:153.36,155.3 1 74532
github.com/pterm/pterm/color.go:162.64,164.2 1 36
github.com/pterm/pterm/color.go:169.66,171.2 1 648
github.com/pterm/pterm/color.go:177.55,181.2 3 326
github.com/pterm/pterm/color.go:187.53,191.2 3 18
github.com/pterm/pterm/color.go:196.69,200.2 3 18
github.com/pterm/pterm/color.go:206.71,210.2 3 324
github.com/pterm/pterm/color.go:215.60,216.24 1 2
github.com/pterm/pterm/color.go:224.2,225.12 2 2
github.com/pterm/pterm/color.go:216.24,217.33 1 2
github.com/pterm/pterm/color.go:217.33,218.18 1 1
github.com/pterm/pterm/color.go:218.18,220.5 1 1
github.com/pterm/pterm/color.go:231.76,232.24 1 2
github.com/pterm/pterm/color.go:240.2,241.12 2 2
github.com/pterm/pterm/color.go:232.24,233.33 1 2
github.com/pterm/pterm/color.go:233.33,234.18 1 1
github.com/pterm/pterm/color.go:234.18,236.5 1 1
github.com/pterm/pterm/color.go:245.32,247.2 1 327052
github.com/pterm/pterm/color.go:255.39,257.27 2 3313
github.com/pterm/pterm/color.go:260.2,260.13 1 3313
github.com/pterm/pterm/color.go:257.27,259.3 1 726
github.com/pterm/pterm/color.go:264.43,267.28 2 5
github.com/pterm/pterm/color.go:271.2,271.12 1 5
github.com/pterm/pterm/color.go:267.28,269.3 1 6
github.com/pterm/pterm/color.go:277.48,280.36 3 46526
github.com/pterm/pterm/color.go:283.2,284.46 2 46526
github.com/pterm/pterm/color.go:280.36,282.3 1 48484
github.com/pterm/pterm/color.go:290.50,292.2 1 324
github.com/pterm/pterm/color.go:296.64,298.2 1 36
github.com/pterm/pterm/color.go:303.66,305.2 1 648
github.com/pterm/pterm/color.go:311.40,313.2 1 18
github.com/pterm/pterm/color.go:319.42,321.2 1 324
github.com/pterm/pterm/color.go:326.56,328.2 1 18
github.com/pterm/pterm/color.go:334.58,336.2 1 324
github.com/pterm/pterm/color.go:339.30,341.2 1 1
github.com/pterm/pterm/color.go:344.32,346.2 1 143496
github.com/pterm/pterm/color.go:350.42,351.22 1 143496
github.com/pterm/pterm/color.go:355.2,356.27 2 138007
github.com/pterm/pterm/color.go:360.2,360.33 1 138007
github.com/pterm/pterm/color.go:351.22,353.3 1 5489
github.com/pterm/pterm/color.go:356.27,358.3 1 177988
github.com/pterm/pterm/theme.go:93.52,96.2 2 1
github.com/pterm/pterm/theme.go:99.54,102.2 2 1
github.com/pterm/pterm/theme.go:105.54,108.2 2 1
github.com/pterm/pterm/theme.go:111.56,114.2 2 1
github.com/pterm/pterm/theme.go:117.55,120.2 2 1
github.com/pterm/pterm/theme.go:123.59,126.2 2 1
github.com/pterm/pterm/theme.go:129.58,132.2 2 1
github.com/pterm/pterm/theme.go:135.59,138.2 2 1
github.com/pterm/pterm/theme.go:141.58,144.2 2 1
github.com/pterm/pterm/theme.go:147.57,150.2 2 1
github.com/pterm/pterm/theme.go:153.56,156.2 2 1
github.com/pterm/pterm/theme.go:159.57,162.2 2 1
github.com/pterm/pterm/theme.go:165.56,168.2 2 1
github.com/pterm/pterm/theme.go:171.63,174.2 2 1
github.com/pterm/pterm/theme.go:177.62,180.2 2 1
github.com/pterm/pterm/theme.go:183.59,186.2 2 1
github.com/pterm/pterm/theme.go:189.61,192.2 2 1
github.com/pterm/pterm/theme.go:195.51,198.2 2 1
github.com/pterm/pterm/theme.go:201.57,204.2 2 1
github.com/pterm/pterm/theme.go:207.56,210.2 2 1
github.com/pterm/pterm/theme.go:213.49,216.2 2 1
github.com/pterm/pterm/theme.go:219.53,222.2 2 1
github.com/pterm/pterm/theme.go:225.48,228.2 2 1
github.com/pterm/pterm/theme.go:231.52,234.2 2 1
github.com/pterm/pterm/theme.go:237.53,240.2 2 1
github.com/pterm/pterm/theme.go:243.48,246.2 2 1
github.com/pterm/pterm/atoms.go:15.39,18.2 2 1
github.com/pterm/pterm/atoms.go:21.48,24.2 2 1
github.com/pterm/pterm/atoms.go:27.40,30.2 2 1
github.com/pterm/pterm/atoms.go:33.43,36.2 2 1
github.com/pterm/pterm/box_printer.go:55.55,58.2 2 25
github.com/pterm/pterm/box_printer.go:61.61,70.2 8 2
github.com/pterm/pterm/box_printer.go:73.62,82.2 8 2
github.com/pterm/pterm/box_printer.go:85.63,94.2 8 2
github.com/pterm/pterm/box_printer.go:97.64,106.2 8 2
github.com/pterm/pterm/box_printer.go:109.65,118.2 8 2
github.com/pterm/pterm/box_printer.go:121.66,130.2 8 2
github.com/pterm/pterm/box_printer.go:133.60,136.2 2 1
github.com/pterm/pterm/box_printer.go:139.61,142.2 2 1
github.com/pterm/pterm/box_printer.go:145.70,148.2 2 1
github.com/pterm/pterm/box_printer.go:151.69,154.2 2 1
github.com/pterm/pterm/box_printer.go:157.73,160.2 2 1
github.com/pterm/pterm/box_printer.go:163.72,166.2 2 1
github.com/pterm/pterm/box_printer.go:169.64,172.2 2 1
github.com/pterm/pterm/box_printer.go:175.66,178.2 2 1
github.com/pterm/pterm/box_printer.go:181.61,182.17 1 2
github.com/pterm/pterm/box_printer.go:185.2,186.11 2 2
github.com/pterm/pterm/box_printer.go:182.17,184.3 1 1
github.com/pterm/pterm/box_printer.go:190.64,191.17 1 2
github.com/pterm/pterm/box_printer.go:194.2,195.11 2 2
github.com/pterm/pterm/box_printer.go:191.17,193.3 1 1
github.com/pterm/pterm/box_printer.go:199.63,200.17 1 2
github.com/pterm/pterm/box_printer.go:203.2,204.11 2 2
github.com/pterm/pterm/box_printer.go:200.17,202.3 1 1
github.com/pterm/pterm/box_printer.go:208.62,209.17 1 2
github.com/pterm/pterm/box_printer.go:212.2,213.11 2 2
github.com/pterm/pterm/box_printer.go:209.17,211.3 1 1
github.com/pterm/pterm/box_printer.go:217.68,220.2 2 0
github.com/pterm/pterm/box_printer.go:224.53,225.23 1 1441
github.com/pterm/pterm/box_printer.go:228.2,228.24 1 1441
github.com/pterm/pterm/box_printer.go:231.2,236.19 4 1441
github.com/pterm/pterm/box_printer.go:273.2,276.24 3 1441
github.com/pterm/pterm/box_printer.go:286.2,286.68 1 1441
github.com/pterm/pterm/box_printer.go:225.23,227.3 1 7
github.com/pterm/pterm/box_printer.go:228.24,230.3 1 7
github.com/pterm/pterm/box_printer.go:236.19,241.3 2 1417
github.com/pterm/pterm/box_printer.go:241.8,243.92 2 24
github.com/pterm/pterm/box_printer.go:246.3,246.21 1 24
github.com/pterm/pterm/box_printer.go:243.92,245.4 1 6
github.com/pterm/pterm/box_printer.go:246.21,250.4 2 19
github.com/pterm/pterm/box_printer.go:250.9,250.29 1 5
github.com/pterm/pterm/box_printer.go:250.29,254.4 2 1
github.com/pterm/pterm/box_printer.go:254.9,254.30 1 4
github.com/pterm/pterm/box_printer.go:254.30,258.4 2 1
github.com/pterm/pterm/box_printer.go:258.9,258.31 1 3
github.com/pterm/pterm/box_printer.go:258.31,262.4 2 1
github.com/pterm/pterm/box_printer.go:262.9,262.32 1 2
github.com/pterm/pterm/box_printer.go:262.32,266.4 2 1
github.com/pterm/pterm/box_printer.go:266.9,266.33 1 1
github.com/pterm/pterm/box_printer.go:266.33,270.4 2 1
github.com/pterm/pterm/box_printer.go:276.24,277.66 1 1477
github.com/pterm/pterm/box_printer.go:277.66,281.4 1 36
github.com/pterm/pterm/box_printer.go:281.9,284.4 1 1441
github.com/pterm/pterm/box_printer.go:291.55,293.2 1 651
github.com/pterm/pterm/box_printer.go:296.69,298.2 1 684
github.com/pterm/pterm/box_printer.go:302.71,304.2 1 648
github.com/pterm/pterm/box_printer.go:309.58,313.2 3 18
github.com/pterm/pterm/box_printer.go:318.60,322.2 3 327
github.com/pterm/pterm/box_printer.go:326.74,330.2 3 18
github.com/pterm/pterm/box_printer.go:335.76,339.2 3 324
github.com/pterm/pterm/box_printer.go:344.65,345.24 1 2
github.com/pterm/pterm/box_printer.go:353.2,354.12 2 2
github.com/pterm/pterm/box_printer.go:345.24,346.33 1 2
github.com/pterm/pterm/box_printer.go:346.33,347.18 1 1
github.com/pterm/pterm/box_printer.go:347.18,349.5 1 1
github.com/pterm/pterm/box_printer.go:360.81,361.24 1 2
github.com/pterm/pterm/box_printer.go:369.2,370.12 2 2
github.com/pterm/pterm/box_printer.go:361.24,362.33 1 2
github.com/pterm/pterm/box_printer.go:362.33,363.18 1 1
github.com/pterm/pterm/box_printer.go:363.18,365.5 1 1
github.com/pterm/pterm/spinner_printer.go:51.63,54.2 2 1
github.com/pterm/pterm/spinner_printer.go:57.74,60.2 2 1
github.com/pterm/pterm/spinner_printer.go:63.65,66.2 2 1
github.com/pterm/pterm/spinner_printer.go:69.72,72.2 2 2
github.com/pterm/pterm/spinner_printer.go:75.72,78.2 2 1
github.com/pterm/pterm/spinner_printer.go:81.71,84.2 2 2
github.com/pterm/pterm/spinner_printer.go:87.66,90.2 2 2
github.com/pterm/pterm/spinner_printer.go:93.87,96.2 2 1
github.com/pterm/pterm/spinner_printer.go:99.70,102.2 2 1
github.com/pterm/pterm/spinner_printer.go:105.76,108.2 2 0
github.com/pterm/pterm/spinner_printer.go:112.50,114.16 2 17
github.com/pterm/pterm/spinner_printer.go:118.2,118.15 1 17
github.com/pterm/pterm/spinner_printer.go:114.16,117.3 2 16
github.com/pterm/pterm/spinner_printer.go:118.15,120.3 1 1
github.com/pterm/pterm/spinner_printer.go:124.77,129.20 4 10
github.com/pterm/pterm/spinner_printer.go:133.2,133.15 1 10
github.com/pterm/pterm/spinner_printer.go:137.2,137.12 1 10
github.com/pterm/pterm/spinner_printer.go:154.2,154.16 1 10
github.com/pterm/pterm/spinner_printer.go:129.20,131.3 1 5
github.com/pterm/pterm/spinner_printer.go:133.15,135.3 1 6
github.com/pterm/pterm/spinner_printer.go:137.12,138.18 1 10
github.com/pterm/pterm/spinner_printer.go:138.18,139.35 1 536530
github.com/pterm/pterm/spinner_printer.go:139.35,140.33 1 93756
github.com/pterm/pterm/spinner_printer.go:144.5,145.20 2 6
github.com/pterm/pterm/spinner_printer.go:148.5,150.24 3 6
github.com/pterm/pterm/spinner_printer.go:140.33,141.14 1 93898
github.com/pterm/pterm/spinner_printer.go:145.20,147.6 1 5
github.com/pterm/pterm/spinner_printer.go:159.39,161.22 2 65
github.com/pterm/pterm/spinner_printer.go:167.2,167.12 1 65
github.com/pterm/pterm/spinner_printer.go:161.22,164.3 2 2
github.com/pterm/pterm/spinner_printer.go:164.8,166.3 1 63
github.com/pterm/pterm/spinner_printer.go:173.63,177.2 3 2
github.com/pterm/pterm/spinner_printer.go:182.62,186.2 3 3
github.com/pterm/pterm/spinner_printer.go:190.58,191.29 1 19
github.com/pterm/pterm/spinner_printer.go:195.2,195.23 1 19
github.com/pterm/pterm/spinner_printer.go:198.2,200.14 3 19
github.com/pterm/pterm/spinner_printer.go:191.29,193.3 1 1
github.com/pterm/pterm/spinner_printer.go:195.23,197.3 1 1
github.com/pterm/pterm/spinner_printer.go:205.55,206.26 1 19
github.com/pterm/pterm/spinner_printer.go:210.2,210.23 1 19
github.com/pterm/pterm/spinner_printer.go:213.2,215.14 3 19
github.com/pterm/pterm/spinner_printer.go:206.26,208.3 1 1
github.com/pterm/pterm/spinner_printer.go:210.23,212.3 1 1
github.com/pterm/pterm/spinner_printer.go:220.58,221.29 1 19
github.com/pterm/pterm/spinner_printer.go:225.2,225.23 1 19
github.com/pterm/pterm/spinner_printer.go:228.2,230.14 3 19
github.com/pterm/pterm/spinner_printer.go:221.29,223.3 1 1
github.com/pterm/pterm/spinner_printer.go:225.23,227.3 1 1
