mode: atomic
github.com/pterm/pterm/atoms.go:21.39,24.2 2 1
github.com/pterm/pterm/atoms.go:27.48,30.2 2 1
github.com/pterm/pterm/atoms.go:33.40,36.2 2 1
github.com/pterm/pterm/atoms.go:39.43,42.2 2 1
github.com/pterm/pterm/table_printer.go:48.61,51.2 2 1
github.com/pterm/pterm/table_printer.go:54.62,57.2 2 8
github.com/pterm/pterm/table_printer.go:60.67,63.2 2 1
github.com/pterm/pterm/table_printer.go:66.78,69.2 2 4
github.com/pterm/pterm/table_printer.go:72.79,75.2 2 1
github.com/pterm/pterm/table_printer.go:78.69,81.2 2 1
github.com/pterm/pterm/table_printer.go:84.70,87.2 2 1
github.com/pterm/pterm/table_printer.go:90.72,93.2 2 3
github.com/pterm/pterm/table_printer.go:96.73,99.2 2 1
github.com/pterm/pterm/table_printer.go:102.63,105.2 2 8
github.com/pterm/pterm/table_printer.go:108.71,109.50 1 1
github.com/pterm/pterm/table_printer.go:112.2,112.11 1 1
github.com/pterm/pterm/table_printer.go:109.50,111.3 1 1
github.com/pterm/pterm/table_printer.go:116.58,119.2 2 1
github.com/pterm/pterm/table_printer.go:122.66,127.2 4 2
github.com/pterm/pterm/table_printer.go:130.67,135.2 4 2
github.com/pterm/pterm/table_printer.go:138.66,141.2 2 1
github.com/pterm/pterm/table_printer.go:144.49,145.20 1 9
github.com/pterm/pterm/table_printer.go:148.2,148.29 1 9
github.com/pterm/pterm/table_printer.go:151.2,151.26 1 9
github.com/pterm/pterm/table_printer.go:154.2,154.38 1 9
github.com/pterm/pterm/table_printer.go:157.2,157.32 1 9
github.com/pterm/pterm/table_printer.go:161.2,164.29 3 9
github.com/pterm/pterm/table_printer.go:173.2,173.30 1 9
github.com/pterm/pterm/table_printer.go:202.2,204.13 2 9
github.com/pterm/pterm/table_printer.go:208.2,208.17 1 9
github.com/pterm/pterm/table_printer.go:145.20,147.3 1 1
github.com/pterm/pterm/table_printer.go:148.29,150.3 1 1
github.com/pterm/pterm/table_printer.go:151.26,153.3 1 1
github.com/pterm/pterm/table_printer.go:154.38,156.3 1 1
github.com/pterm/pterm/table_printer.go:157.32,159.3 1 1
github.com/pterm/pterm/table_printer.go:164.29,165.31 1 28
github.com/pterm/pterm/table_printer.go:165.31,167.41 2 84
github.com/pterm/pterm/table_printer.go:167.41,169.5 1 28
github.com/pterm/pterm/table_printer.go:173.30,175.31 2 28
github.com/pterm/pterm/table_printer.go:191.3,191.59 1 28
github.com/pterm/pterm/table_printer.go:195.3,195.61 1 28
github.com/pterm/pterm/table_printer.go:199.3,199.14 1 28
github.com/pterm/pterm/table_printer.go:175.31,179.33 3 84
github.com/pterm/pterm/table_printer.go:184.4,184.30 1 84
github.com/pterm/pterm/table_printer.go:179.33,182.5 2 56
github.com/pterm/pterm/table_printer.go:184.30,186.5 1 21
github.com/pterm/pterm/table_printer.go:186.10,188.5 1 63
github.com/pterm/pterm/table_printer.go:191.59,193.4 1 3
github.com/pterm/pterm/table_printer.go:195.61,197.4 1 4
github.com/pterm/pterm/table_printer.go:204.13,206.3 1 1
github.com/pterm/pterm/table_printer.go:211.82,213.22 2 84
github.com/pterm/pterm/table_printer.go:216.2,216.64 1 72
github.com/pterm/pterm/table_printer.go:213.22,215.3 1 12
github.com/pterm/pterm/table_printer.go:219.75,221.2 1 3
github.com/pterm/pterm/table_printer.go:223.69,225.2 1 4
github.com/pterm/pterm/table_printer.go:228.38,233.2 3 3
github.com/pterm/pterm/area_printer.go:28.43,30.2 1 9
github.com/pterm/pterm/area_printer.go:33.65,36.2 2 3
github.com/pterm/pterm/area_printer.go:39.61,42.2 2 2
github.com/pterm/pterm/area_printer.go:45.57,48.2 2 1
github.com/pterm/pterm/area_printer.go:52.51,53.19 1 40
github.com/pterm/pterm/area_printer.go:57.2,60.14 3 40
github.com/pterm/pterm/area_printer.go:64.2,64.18 1 40
github.com/pterm/pterm/area_printer.go:82.2,82.20 1 40
github.com/pterm/pterm/area_printer.go:53.19,56.3 2 2
github.com/pterm/pterm/area_printer.go:60.14,62.3 1 2
github.com/pterm/pterm/area_printer.go:64.18,72.15 6 2
github.com/pterm/pterm/area_printer.go:77.3,77.29 1 2
github.com/pterm/pterm/area_printer.go:72.15,75.4 2 2
github.com/pterm/pterm/area_printer.go:77.29,80.4 2 2
github.com/pterm/pterm/area_printer.go:86.72,95.2 6 9
github.com/pterm/pterm/area_printer.go:99.36,100.17 1 8
github.com/pterm/pterm/area_printer.go:103.2,104.22 2 7
github.com/pterm/pterm/area_printer.go:107.2,107.12 1 7
github.com/pterm/pterm/area_printer.go:100.17,102.3 1 1
github.com/pterm/pterm/area_printer.go:104.22,106.3 1 2
github.com/pterm/pterm/area_printer.go:113.60,117.2 3 2
github.com/pterm/pterm/area_printer.go:122.59,126.2 3 1
github.com/pterm/pterm/area_printer.go:131.31,133.2 1 3
github.com/pterm/pterm/bigtext_printer.go:25.49,28.2 2 1
github.com/pterm/pterm/bigtext_printer.go:31.42,34.2 2 1
github.com/pterm/pterm/bigtext_printer.go:37.46,40.2 2 1
github.com/pterm/pterm/bigtext_printer.go:52.84,55.2 2 1
github.com/pterm/pterm/bigtext_printer.go:58.73,60.33 2 4
github.com/pterm/pterm/bigtext_printer.go:63.2,64.11 2 4
github.com/pterm/pterm/bigtext_printer.go:60.33,62.3 1 4
github.com/pterm/pterm/bigtext_printer.go:68.70,71.2 2 1
github.com/pterm/pterm/bigtext_printer.go:74.51,77.15 2 4
github.com/pterm/pterm/bigtext_printer.go:84.2,85.30 2 3
github.com/pterm/pterm/bigtext_printer.go:95.2,97.31 2 3
github.com/pterm/pterm/bigtext_printer.go:104.2,104.34 1 3
github.com/pterm/pterm/bigtext_printer.go:126.2,126.17 1 3
github.com/pterm/pterm/bigtext_printer.go:77.15,78.36 1 1
github.com/pterm/pterm/bigtext_printer.go:81.3,81.18 1 1
github.com/pterm/pterm/bigtext_printer.go:78.36,80.4 1 5
github.com/pterm/pterm/bigtext_printer.go:85.30,86.47 1 10
github.com/pterm/pterm/bigtext_printer.go:86.47,92.4 1 10
github.com/pterm/pterm/bigtext_printer.go:97.31,99.20 2 10
github.com/pterm/pterm/bigtext_printer.go:99.20,101.4 1 2
github.com/pterm/pterm/bigtext_printer.go:104.34,105.37 1 11
github.com/pterm/pterm/bigtext_printer.go:123.3,123.14 1 11
github.com/pterm/pterm/bigtext_printer.go:105.37,109.28 4 50
github.com/pterm/pterm/bigtext_printer.go:112.4,113.41 2 50
github.com/pterm/pterm/bigtext_printer.go:117.4,117.83 1 50
github.com/pterm/pterm/bigtext_printer.go:109.28,111.5 1 50
github.com/pterm/pterm/bigtext_printer.go:113.41,115.5 1 2
github.com/pterm/pterm/bigtext_printer.go:117.83,119.5 1 25
github.com/pterm/pterm/bigtext_printer.go:119.10,121.5 1 25
github.com/pterm/pterm/bigtext_printer.go:130.40,135.2 3 1
github.com/pterm/pterm/interactive_textinput_printer.go:34.96,37.2 2 1
github.com/pterm/pterm/interactive_textinput_printer.go:40.95,43.2 2 1
github.com/pterm/pterm/interactive_textinput_printer.go:46.100,49.2 2 2
github.com/pterm/pterm/interactive_textinput_printer.go:52.75,60.45 4 0
github.com/pterm/pterm/interactive_textinput_printer.go:64.2,64.17 1 0
github.com/pterm/pterm/interactive_textinput_printer.go:69.2,72.16 4 0
github.com/pterm/pterm/interactive_textinput_printer.go:76.2,78.18 3 0
github.com/pterm/pterm/interactive_textinput_printer.go:82.2,82.66 1 0
github.com/pterm/pterm/interactive_textinput_printer.go:180.2,180.16 1 0
github.com/pterm/pterm/interactive_textinput_printer.go:185.2,187.28 2 0
github.com/pterm/pterm/interactive_textinput_printer.go:195.2,195.54 1 0
github.com/pterm/pterm/interactive_textinput_printer.go:60.45,62.3 1 0
github.com/pterm/pterm/interactive_textinput_printer.go:64.17,66.3 1 0
github.com/pterm/pterm/interactive_textinput_printer.go:66.8,68.3 1 0
github.com/pterm/pterm/interactive_textinput_printer.go:72.16,74.3 1 0
github.com/pterm/pterm/interactive_textinput_printer.go:78.18,80.3 1 0
github.com/pterm/pterm/interactive_textinput_printer.go:82.66,83.19 1 0
github.com/pterm/pterm/interactive_textinput_printer.go:86.3,86.24 1 0
github.com/pterm/pterm/interactive_textinput_printer.go:90.3,90.19 1 0
github.com/pterm/pterm/interactive_textinput_printer.go:157.3,157.60 1 0
github.com/pterm/pterm/interactive_textinput_printer.go:176.3,178.20 2 0
github.com/pterm/pterm/interactive_textinput_printer.go:83.19,85.4 1 0
github.com/pterm/pterm/interactive_textinput_printer.go:86.24,88.4 1 0
github.com/pterm/pterm/interactive_textinput_printer.go:91.17,92.19 1 0
github.com/pterm/pterm/interactive_textinput_printer.go:95.19,96.19 1 0
github.com/pterm/pterm/interactive_textinput_printer.go:112.21,113.240 1 0
github.com/pterm/pterm/interactive_textinput_printer.go:114.19,115.231 1 0
github.com/pterm/pterm/interactive_textinput_printer.go:116.23,117.59 1 0
github.com/pterm/pterm/interactive_textinput_printer.go:126.20,127.92 1 0
github.com/pterm/pterm/interactive_textinput_printer.go:136.19,138.20 2 0
github.com/pterm/pterm/interactive_textinput_printer.go:139.18,140.37 1 0
github.com/pterm/pterm/interactive_textinput_printer.go:147.16,148.24 1 0
github.com/pterm/pterm/interactive_textinput_printer.go:92.19,94.5 1 0
github.com/pterm/pterm/interactive_textinput_printer.go:96.19,97.23 1 0
github.com/pterm/pterm/interactive_textinput_printer.go:100.5,108.25 9 0
github.com/pterm/pterm/interactive_textinput_printer.go:97.23,99.6 1 0
github.com/pterm/pterm/interactive_textinput_printer.go:109.10,111.5 1 0
github.com/pterm/pterm/interactive_textinput_printer.go:117.59,119.5 1 0
github.com/pterm/pterm/interactive_textinput_printer.go:119.10,119.31 1 0
github.com/pterm/pterm/interactive_textinput_printer.go:119.31,125.5 5 0
github.com/pterm/pterm/interactive_textinput_printer.go:127.92,130.5 2 0
github.com/pterm/pterm/interactive_textinput_printer.go:130.10,130.44 1 0
github.com/pterm/pterm/interactive_textinput_printer.go:130.44,135.5 4 0
github.com/pterm/pterm/interactive_textinput_printer.go:140.37,142.25 2 0
github.com/pterm/pterm/interactive_textinput_printer.go:145.5,145.19 1 0
github.com/pterm/pterm/interactive_textinput_printer.go:142.25,144.6 1 0
github.com/pterm/pterm/interactive_textinput_printer.go:148.24,150.25 2 0
github.com/pterm/pterm/interactive_textinput_printer.go:153.5,153.19 1 0
github.com/pterm/pterm/interactive_textinput_printer.go:150.25,152.6 1 0
github.com/pterm/pterm/interactive_textinput_printer.go:157.60,158.20 1 0
github.com/pterm/pterm/interactive_textinput_printer.go:159.20,160.25 1 0
github.com/pterm/pterm/interactive_textinput_printer.go:166.19,167.75 1 0
github.com/pterm/pterm/interactive_textinput_printer.go:160.25,162.6 1 0
github.com/pterm/pterm/interactive_textinput_printer.go:162.11,162.45 1 0
github.com/pterm/pterm/interactive_textinput_printer.go:162.45,165.6 2 0
github.com/pterm/pterm/interactive_textinput_printer.go:167.75,169.6 1 0
github.com/pterm/pterm/interactive_textinput_printer.go:169.11,169.32 1 0
github.com/pterm/pterm/interactive_textinput_printer.go:169.32,172.6 2 0
github.com/pterm/pterm/interactive_textinput_printer.go:180.16,182.3 1 0
github.com/pterm/pterm/interactive_textinput_printer.go:187.28,188.25 1 0
github.com/pterm/pterm/interactive_textinput_printer.go:188.25,190.4 1 0
github.com/pterm/pterm/interactive_textinput_printer.go:190.9,192.4 1 0
github.com/pterm/pterm/interactive_textinput_printer.go:198.75,199.18 1 0
github.com/pterm/pterm/interactive_textinput_printer.go:202.2,203.28 2 0
github.com/pterm/pterm/interactive_textinput_printer.go:210.2,210.72 1 0
github.com/pterm/pterm/interactive_textinput_printer.go:214.2,218.17 5 0
github.com/pterm/pterm/interactive_textinput_printer.go:223.2,223.17 1 0
github.com/pterm/pterm/interactive_textinput_printer.go:199.18,201.3 1 0
github.com/pterm/pterm/interactive_textinput_printer.go:203.28,204.25 1 0
github.com/pterm/pterm/interactive_textinput_printer.go:204.25,206.4 1 0
github.com/pterm/pterm/interactive_textinput_printer.go:206.9,208.4 1 0
github.com/pterm/pterm/interactive_textinput_printer.go:210.72,212.3 1 0
github.com/pterm/pterm/interactive_textinput_printer.go:218.17,220.3 1 0
github.com/pterm/pterm/interactive_textinput_printer.go:220.8,222.3 1 0
github.com/pterm/pterm/paragraph_printer.go:23.69,26.2 2 1
github.com/pterm/pterm/paragraph_printer.go:29.74,32.2 2 1
github.com/pterm/pterm/paragraph_printer.go:36.59,37.15 1 1373
github.com/pterm/pterm/paragraph_printer.go:41.2,42.21 2 653
github.com/pterm/pterm/paragraph_printer.go:45.2,47.33 3 652
github.com/pterm/pterm/paragraph_printer.go:57.2,57.16 1 652
github.com/pterm/pterm/paragraph_printer.go:37.15,39.3 1 720
github.com/pterm/pterm/paragraph_printer.go:42.21,44.3 1 1
github.com/pterm/pterm/paragraph_printer.go:47.33,48.30 1 405
github.com/pterm/pterm/paragraph_printer.go:48.30,51.4 2 3
github.com/pterm/pterm/paragraph_printer.go:51.9,54.4 2 402
github.com/pterm/pterm/paragraph_printer.go:62.61,64.2 1 651
github.com/pterm/pterm/paragraph_printer.go:67.75,69.2 1 684
github.com/pterm/pterm/paragraph_printer.go:73.77,75.2 1 648
github.com/pterm/pterm/paragraph_printer.go:80.65,84.2 3 20
github.com/pterm/pterm/paragraph_printer.go:89.67,93.2 3 327
github.com/pterm/pterm/paragraph_printer.go:97.81,101.2 3 18
github.com/pterm/pterm/paragraph_printer.go:106.83,110.2 3 324
github.com/pterm/pterm/paragraph_printer.go:115.72,116.24 1 2
github.com/pterm/pterm/paragraph_printer.go:124.2,125.12 2 2
github.com/pterm/pterm/paragraph_printer.go:116.24,117.33 1 2
github.com/pterm/pterm/paragraph_printer.go:117.33,118.18 1 1
github.com/pterm/pterm/paragraph_printer.go:118.18,120.5 1 1
github.com/pterm/pterm/paragraph_printer.go:131.88,132.24 1 2
github.com/pterm/pterm/paragraph_printer.go:140.2,141.12 2 2
github.com/pterm/pterm/paragraph_printer.go:132.24,133.33 1 2
github.com/pterm/pterm/paragraph_printer.go:133.33,134.18 1 1
github.com/pterm/pterm/paragraph_printer.go:134.18,136.5 1 1
github.com/pterm/pterm/prefix_printer.go:101.65,104.2 2 10
github.com/pterm/pterm/prefix_printer.go:107.62,110.2 2 100
github.com/pterm/pterm/prefix_printer.go:113.70,116.2 2 5
github.com/pterm/pterm/prefix_printer.go:122.60,125.2 2 11
github.com/pterm/pterm/prefix_printer.go:128.69,131.2 2 95
github.com/pterm/pterm/prefix_printer.go:136.63,139.2 2 75
github.com/pterm/pterm/prefix_printer.go:144.72,147.2 2 5
github.com/pterm/pterm/prefix_printer.go:150.68,153.2 2 5
github.com/pterm/pterm/prefix_printer.go:157.57,159.39 2 10859
github.com/pterm/pterm/prefix_printer.go:163.2,163.15 1 10769
github.com/pterm/pterm/prefix_printer.go:171.2,171.27 1 5108
github.com/pterm/pterm/prefix_printer.go:174.2,174.26 1 5108
github.com/pterm/pterm/prefix_printer.go:177.2,177.27 1 5108
github.com/pterm/pterm/prefix_printer.go:181.2,184.32 3 5108
github.com/pterm/pterm/prefix_printer.go:189.2,190.33 2 5108
github.com/pterm/pterm/prefix_printer.go:202.2,202.22 1 5108
github.com/pterm/pterm/prefix_printer.go:208.2,208.13 1 5108
github.com/pterm/pterm/prefix_printer.go:212.2,212.20 1 5108
github.com/pterm/pterm/prefix_printer.go:159.39,161.3 1 90
github.com/pterm/pterm/prefix_printer.go:163.15,164.26 1 5661
github.com/pterm/pterm/prefix_printer.go:164.26,166.4 1 5616
github.com/pterm/pterm/prefix_printer.go:166.9,168.4 1 45
github.com/pterm/pterm/prefix_printer.go:171.27,173.3 1 1
github.com/pterm/pterm/prefix_printer.go:174.26,176.3 1 1650
github.com/pterm/pterm/prefix_printer.go:177.27,179.3 1 1
github.com/pterm/pterm/prefix_printer.go:184.32,187.3 2 3081
github.com/pterm/pterm/prefix_printer.go:190.33,191.13 1 5123
github.com/pterm/pterm/prefix_printer.go:191.13,193.26 2 5108
github.com/pterm/pterm/prefix_printer.go:196.4,196.35 1 5108
github.com/pterm/pterm/prefix_printer.go:193.26,195.5 1 50
github.com/pterm/pterm/prefix_printer.go:197.9,199.4 1 15
github.com/pterm/pterm/prefix_printer.go:202.22,206.3 3 45
github.com/pterm/pterm/prefix_printer.go:208.13,210.3 1 3081
github.com/pterm/pterm/prefix_printer.go:217.58,218.39 1 6586
github.com/pterm/pterm/prefix_printer.go:221.2,222.22 2 6496
github.com/pterm/pterm/prefix_printer.go:218.39,220.3 1 90
github.com/pterm/pterm/prefix_printer.go:226.72,227.39 1 3695
github.com/pterm/pterm/prefix_printer.go:230.2,230.40 1 3605
github.com/pterm/pterm/prefix_printer.go:227.39,229.3 1 90
github.com/pterm/pterm/prefix_printer.go:235.74,236.39 1 3330
github.com/pterm/pterm/prefix_printer.go:239.2,239.39 1 3240
github.com/pterm/pterm/prefix_printer.go:236.39,238.3 1 90
github.com/pterm/pterm/prefix_printer.go:245.62,247.39 2 420
github.com/pterm/pterm/prefix_printer.go:250.2,254.12 5 410
github.com/pterm/pterm/prefix_printer.go:247.39,249.3 1 10
github.com/pterm/pterm/prefix_printer.go:260.64,262.39 2 3266
github.com/pterm/pterm/prefix_printer.go:265.2,267.12 3 3256
github.com/pterm/pterm/prefix_printer.go:262.39,264.3 1 10
github.com/pterm/pterm/prefix_printer.go:272.78,274.39 2 190
github.com/pterm/pterm/prefix_printer.go:277.2,279.12 3 180
github.com/pterm/pterm/prefix_printer.go:274.39,276.3 1 10
github.com/pterm/pterm/prefix_printer.go:285.80,287.39 2 1630
github.com/pterm/pterm/prefix_printer.go:290.2,294.12 5 1620
github.com/pterm/pterm/prefix_printer.go:287.39,289.3 1 10
github.com/pterm/pterm/prefix_printer.go:302.69,303.24 1 10
github.com/pterm/pterm/prefix_printer.go:311.2,312.12 2 10
github.com/pterm/pterm/prefix_printer.go:303.24,304.33 1 10
github.com/pterm/pterm/prefix_printer.go:304.33,305.18 1 5
github.com/pterm/pterm/prefix_printer.go:305.18,307.5 1 5
github.com/pterm/pterm/prefix_printer.go:318.85,319.24 1 10
github.com/pterm/pterm/prefix_printer.go:327.2,328.12 2 10
github.com/pterm/pterm/prefix_printer.go:319.24,320.33 1 10
github.com/pterm/pterm/prefix_printer.go:320.33,321.18 1 5
github.com/pterm/pterm/prefix_printer.go:321.18,323.5 1 5
github.com/pterm/pterm/prefix_printer.go:332.52,334.2 1 5113
github.com/pterm/pterm/prefix_printer.go:349.35,350.13 1 5466
github.com/pterm/pterm/prefix_printer.go:350.13,351.12 1 5
github.com/pterm/pterm/bulletlist_printer.go:18.62,21.2 2 1
github.com/pterm/pterm/bulletlist_printer.go:24.63,27.2 2 1
github.com/pterm/pterm/bulletlist_printer.go:30.69,33.2 2 1
github.com/pterm/pterm/bulletlist_printer.go:36.67,39.2 2 1
github.com/pterm/pterm/bulletlist_printer.go:42.71,45.2 2 1
github.com/pterm/pterm/bulletlist_printer.go:64.81,67.2 2 75
github.com/pterm/pterm/bulletlist_printer.go:70.75,73.2 2 1
github.com/pterm/pterm/bulletlist_printer.go:76.73,79.2 2 1
github.com/pterm/pterm/bulletlist_printer.go:82.77,85.2 2 1
github.com/pterm/pterm/bulletlist_printer.go:88.76,91.2 2 1
github.com/pterm/pterm/bulletlist_printer.go:94.43,99.2 3 55
github.com/pterm/pterm/bulletlist_printer.go:102.54,104.31 2 73
github.com/pterm/pterm/bulletlist_printer.go:125.2,125.17 1 73
github.com/pterm/pterm/bulletlist_printer.go:104.31,105.28 1 72
github.com/pterm/pterm/bulletlist_printer.go:112.3,112.30 1 72
github.com/pterm/pterm/bulletlist_printer.go:119.3,119.24 1 72
github.com/pterm/pterm/bulletlist_printer.go:105.28,106.26 1 72
github.com/pterm/pterm/bulletlist_printer.go:106.26,108.5 1 18
github.com/pterm/pterm/bulletlist_printer.go:108.10,110.5 1 54
github.com/pterm/pterm/bulletlist_printer.go:112.30,113.28 1 72
github.com/pterm/pterm/bulletlist_printer.go:113.28,115.5 1 18
github.com/pterm/pterm/bulletlist_printer.go:115.10,117.5 1 54
github.com/pterm/pterm/bulletlist_printer.go:119.24,121.4 1 54
github.com/pterm/pterm/bulletlist_printer.go:121.9,123.4 1 18
github.com/pterm/pterm/color.go:14.20,17.2 2 14231
github.com/pterm/pterm/color.go:20.21,23.2 2 14232
github.com/pterm/pterm/color.go:142.50,145.2 2 650
github.com/pterm/pterm/color.go:150.48,153.36 3 84536
github.com/pterm/pterm/color.go:156.2,157.16 2 84536
github.com/pterm/pterm/color.go:153.36,155.3 1 85930
github.com/pterm/pterm/color.go:162.64,164.2 1 36
github.com/pterm/pterm/color.go:169.66,171.2 1 648
github.com/pterm/pterm/color.go:177.55,181.2 3 326
github.com/pterm/pterm/color.go:187.53,191.2 3 18
github.com/pterm/pterm/color.go:196.69,200.2 3 18
github.com/pterm/pterm/color.go:206.71,210.2 3 324
github.com/pterm/pterm/color.go:215.60,216.24 1 2
github.com/pterm/pterm/color.go:224.2,225.12 2 2
github.com/pterm/pterm/color.go:216.24,217.33 1 2
github.com/pterm/pterm/color.go:217.33,218.18 1 1
github.com/pterm/pterm/color.go:218.18,220.5 1 1
github.com/pterm/pterm/color.go:231.76,232.24 1 2
github.com/pterm/pterm/color.go:240.2,241.12 2 2
github.com/pterm/pterm/color.go:232.24,233.33 1 2
github.com/pterm/pterm/color.go:233.33,234.18 1 1
github.com/pterm/pterm/color.go:234.18,236.5 1 1
github.com/pterm/pterm/color.go:245.32,247.2 1 356323
github.com/pterm/pterm/color.go:250.33,252.2 1 1
github.com/pterm/pterm/color.go:260.39,262.27 2 3305
github.com/pterm/pterm/color.go:265.2,265.13 1 3305
github.com/pterm/pterm/color.go:262.27,264.3 1 733
github.com/pterm/pterm/color.go:269.43,272.28 2 5
github.com/pterm/pterm/color.go:276.2,276.12 1 5
github.com/pterm/pterm/color.go:272.28,274.3 1 6
github.com/pterm/pterm/color.go:282.48,285.36 3 48902
github.com/pterm/pterm/color.go:288.2,289.46 2 48902
github.com/pterm/pterm/color.go:285.36,287.3 1 50864
github.com/pterm/pterm/color.go:295.50,297.2 1 324
github.com/pterm/pterm/color.go:301.64,303.2 1 60
github.com/pterm/pterm/color.go:308.66,310.2 1 658
github.com/pterm/pterm/color.go:316.40,318.2 1 66
github.com/pterm/pterm/color.go:324.42,326.2 1 324
github.com/pterm/pterm/color.go:331.56,333.2 1 18
github.com/pterm/pterm/color.go:339.58,341.2 1 324
github.com/pterm/pterm/color.go:344.30,346.2 1 1
github.com/pterm/pterm/color.go:349.32,351.2 1 150632
github.com/pterm/pterm/color.go:355.42,356.22 1 150632
github.com/pterm/pterm/color.go:360.2,361.27 2 145143
github.com/pterm/pterm/color.go:365.2,365.33 1 145143
github.com/pterm/pterm/color.go:356.22,358.3 1 5489
github.com/pterm/pterm/color.go:361.27,363.3 1 184463
github.com/pterm/pterm/tree_printer.go:51.63,54.2 2 1
github.com/pterm/pterm/tree_printer.go:57.63,60.2 2 1
github.com/pterm/pterm/tree_printer.go:63.70,66.2 2 1
github.com/pterm/pterm/tree_printer.go:69.75,72.2 2 1
github.com/pterm/pterm/tree_printer.go:75.66,78.2 2 1
github.com/pterm/pterm/tree_printer.go:81.64,84.2 2 1
github.com/pterm/pterm/tree_printer.go:87.59,90.2 2 7
github.com/pterm/pterm/tree_printer.go:94.58,95.16 1 2
github.com/pterm/pterm/tree_printer.go:98.2,99.11 2 2
github.com/pterm/pterm/tree_printer.go:95.16,97.3 1 1
github.com/pterm/pterm/tree_printer.go:103.64,106.2 2 1
github.com/pterm/pterm/tree_printer.go:109.37,114.2 3 2
github.com/pterm/pterm/tree_printer.go:117.48,118.24 1 3
github.com/pterm/pterm/tree_printer.go:121.2,121.24 1 3
github.com/pterm/pterm/tree_printer.go:125.2,126.23 2 3
github.com/pterm/pterm/tree_printer.go:129.2,130.20 2 3
github.com/pterm/pterm/tree_printer.go:118.24,120.3 1 2
github.com/pterm/pterm/tree_printer.go:121.24,123.3 1 2
github.com/pterm/pterm/tree_printer.go:126.23,128.3 1 2
github.com/pterm/pterm/tree_printer.go:136.73,138.28 2 6
github.com/pterm/pterm/tree_printer.go:159.2,159.12 1 6
github.com/pterm/pterm/tree_printer.go:138.28,139.22 1 11
github.com/pterm/pterm/tree_printer.go:139.22,140.31 1 6
github.com/pterm/pterm/tree_printer.go:140.31,143.5 1 4
github.com/pterm/pterm/tree_printer.go:143.10,147.5 2 2
github.com/pterm/pterm/tree_printer.go:148.9,148.30 1 5
github.com/pterm/pterm/tree_printer.go:148.30,149.31 1 5
github.com/pterm/pterm/tree_printer.go:149.31,152.5 1 4
github.com/pterm/pterm/tree_printer.go:152.10,156.5 2 1
github.com/pterm/pterm/pterm.go:25.13,27.2 1 1
github.com/pterm/pterm/pterm.go:30.21,32.2 1 1
github.com/pterm/pterm/pterm.go:35.22,37.2 1 2
github.com/pterm/pterm/pterm.go:40.28,42.2 1 31
github.com/pterm/pterm/pterm.go:45.29,47.2 1 36
github.com/pterm/pterm/pterm.go:51.22,54.2 2 14230
github.com/pterm/pterm/pterm.go:59.23,62.2 2 14230
github.com/pterm/pterm/pterm.go:65.32,70.2 3 10
github.com/pterm/pterm/theme.go:100.52,103.2 2 1
github.com/pterm/pterm/theme.go:106.54,109.2 2 1
github.com/pterm/pterm/theme.go:112.54,115.2 2 1
github.com/pterm/pterm/theme.go:118.56,121.2 2 1
github.com/pterm/pterm/theme.go:124.55,127.2 2 1
github.com/pterm/pterm/theme.go:130.59,133.2 2 1
github.com/pterm/pterm/theme.go:136.58,139.2 2 1
github.com/pterm/pterm/theme.go:142.59,145.2 2 1
github.com/pterm/pterm/theme.go:148.58,151.2 2 1
github.com/pterm/pterm/theme.go:154.57,157.2 2 1
github.com/pterm/pterm/theme.go:160.56,163.2 2 1
github.com/pterm/pterm/theme.go:166.57,169.2 2 1
github.com/pterm/pterm/theme.go:172.56,175.2 2 1
github.com/pterm/pterm/theme.go:178.63,181.2 2 1
github.com/pterm/pterm/theme.go:184.62,187.2 2 1
github.com/pterm/pterm/theme.go:190.59,193.2 2 1
github.com/pterm/pterm/theme.go:196.61,199.2 2 1
github.com/pterm/pterm/theme.go:202.51,205.2 2 1
github.com/pterm/pterm/theme.go:208.57,211.2 2 1
github.com/pterm/pterm/theme.go:214.56,217.2 2 1
github.com/pterm/pterm/theme.go:220.49,223.2 2 1
github.com/pterm/pterm/theme.go:226.53,229.2 2 1
github.com/pterm/pterm/theme.go:232.48,235.2 2 1
github.com/pterm/pterm/theme.go:238.52,241.2 2 1
github.com/pterm/pterm/theme.go:244.53,247.2 2 1
github.com/pterm/pterm/theme.go:250.48,253.2 2 1
github.com/pterm/pterm/interactive_multiselect_printer.go:60.101,63.2 2 6
github.com/pterm/pterm/interactive_multiselect_printer.go:66.108,69.2 2 3
github.com/pterm/pterm/interactive_multiselect_printer.go:72.100,75.2 2 1
github.com/pterm/pterm/interactive_multiselect_printer.go:78.100,81.2 2 1
github.com/pterm/pterm/interactive_multiselect_printer.go:84.95,87.2 2 0
github.com/pterm/pterm/interactive_multiselect_printer.go:90.109,93.2 2 1
github.com/pterm/pterm/interactive_multiselect_printer.go:96.111,99.2 2 1
github.com/pterm/pterm/interactive_multiselect_printer.go:102.107,105.2 2 1
github.com/pterm/pterm/interactive_multiselect_printer.go:108.80,114.45 3 2
github.com/pterm/pterm/interactive_multiselect_printer.go:118.2,121.22 3 2
github.com/pterm/pterm/interactive_multiselect_printer.go:125.2,126.43 2 2
github.com/pterm/pterm/interactive_multiselect_printer.go:130.2,130.25 1 2
github.com/pterm/pterm/interactive_multiselect_printer.go:134.2,138.42 4 2
github.com/pterm/pterm/interactive_multiselect_printer.go:142.2,144.16 3 2
github.com/pterm/pterm/interactive_multiselect_printer.go:148.2,148.75 1 2
github.com/pterm/pterm/interactive_multiselect_printer.go:152.2,156.70 4 2
github.com/pterm/pterm/interactive_multiselect_printer.go:281.2,281.16 1 2
github.com/pterm/pterm/interactive_multiselect_printer.go:286.2,287.51 2 2
github.com/pterm/pterm/interactive_multiselect_printer.go:291.2,291.20 1 2
github.com/pterm/pterm/interactive_multiselect_printer.go:114.45,116.3 1 2
github.com/pterm/pterm/interactive_multiselect_printer.go:121.22,123.3 1 0
github.com/pterm/pterm/interactive_multiselect_printer.go:126.43,128.3 1 0
github.com/pterm/pterm/interactive_multiselect_printer.go:130.25,132.3 1 0
github.com/pterm/pterm/interactive_multiselect_printer.go:138.42,140.3 1 2
github.com/pterm/pterm/interactive_multiselect_printer.go:144.16,146.3 1 0
github.com/pterm/pterm/interactive_multiselect_printer.go:148.75,150.3 1 0
github.com/pterm/pterm/interactive_multiselect_printer.go:156.70,159.46 2 4885
github.com/pterm/pterm/interactive_multiselect_printer.go:165.3,165.14 1 4885
github.com/pterm/pterm/interactive_multiselect_printer.go:279.3,279.20 1 4883
github.com/pterm/pterm/interactive_multiselect_printer.go:159.46,161.4 1 37
github.com/pterm/pterm/interactive_multiselect_printer.go:161.9,163.4 1 4848
github.com/pterm/pterm/interactive_multiselect_printer.go:166.21,167.38 1 2
github.com/pterm/pterm/interactive_multiselect_printer.go:170.4,171.20 2 2
github.com/pterm/pterm/interactive_multiselect_printer.go:172.20,173.37 1 2
github.com/pterm/pterm/interactive_multiselect_printer.go:177.4,177.37 1 2
github.com/pterm/pterm/interactive_multiselect_printer.go:178.21,179.16 1 0
github.com/pterm/pterm/interactive_multiselect_printer.go:188.4,188.37 1 0
github.com/pterm/pterm/interactive_multiselect_printer.go:189.19,190.16 1 0
github.com/pterm/pterm/interactive_multiselect_printer.go:195.23,197.36 1 0
github.com/pterm/pterm/interactive_multiselect_printer.go:202.4,202.33 1 0
github.com/pterm/pterm/interactive_multiselect_printer.go:206.4,208.47 2 0
github.com/pterm/pterm/interactive_multiselect_printer.go:214.4,219.37 5 0
github.com/pterm/pterm/interactive_multiselect_printer.go:220.18,223.37 2 0
github.com/pterm/pterm/interactive_multiselect_printer.go:224.19,227.40 2 0
github.com/pterm/pterm/interactive_multiselect_printer.go:230.4,230.37 1 0
github.com/pterm/pterm/interactive_multiselect_printer.go:231.16,232.38 1 2
github.com/pterm/pterm/interactive_multiselect_printer.go:235.4,235.28 1 2
github.com/pterm/pterm/interactive_multiselect_printer.go:253.4,253.37 1 2
github.com/pterm/pterm/interactive_multiselect_printer.go:254.18,255.38 1 2
github.com/pterm/pterm/interactive_multiselect_printer.go:258.4,259.54 2 2
github.com/pterm/pterm/interactive_multiselect_printer.go:273.4,273.37 1 2
github.com/pterm/pterm/interactive_multiselect_printer.go:274.19,276.20 2 0
github.com/pterm/pterm/interactive_multiselect_printer.go:167.38,169.5 1 0
github.com/pterm/pterm/interactive_multiselect_printer.go:173.37,176.5 1 2
github.com/pterm/pterm/interactive_multiselect_printer.go:179.16,187.5 5 0
github.com/pterm/pterm/interactive_multiselect_printer.go:190.16,194.5 3 0
github.com/pterm/pterm/interactive_multiselect_printer.go:197.36,200.5 1 0
github.com/pterm/pterm/interactive_multiselect_printer.go:202.33,204.5 1 0
github.com/pterm/pterm/interactive_multiselect_printer.go:208.47,210.5 1 0
github.com/pterm/pterm/interactive_multiselect_printer.go:210.10,212.5 1 0
github.com/pterm/pterm/interactive_multiselect_printer.go:227.40,229.5 1 0
github.com/pterm/pterm/interactive_multiselect_printer.go:232.38,234.5 1 0
github.com/pterm/pterm/interactive_multiselect_printer.go:235.28,237.51 2 1
github.com/pterm/pterm/interactive_multiselect_printer.go:237.51,240.37 3 0
github.com/pterm/pterm/interactive_multiselect_printer.go:244.6,244.117 1 0
github.com/pterm/pterm/interactive_multiselect_printer.go:240.37,243.7 2 0
github.com/pterm/pterm/interactive_multiselect_printer.go:246.10,251.5 4 1
github.com/pterm/pterm/interactive_multiselect_printer.go:255.38,257.5 1 0
github.com/pterm/pterm/interactive_multiselect_printer.go:259.54,261.50 2 2
github.com/pterm/pterm/interactive_multiselect_printer.go:261.50,265.6 3 0
github.com/pterm/pterm/interactive_multiselect_printer.go:266.10,271.5 4 0
github.com/pterm/pterm/interactive_multiselect_printer.go:281.16,284.3 2 0
github.com/pterm/pterm/interactive_multiselect_printer.go:287.51,289.3 1 4
github.com/pterm/pterm/interactive_multiselect_printer.go:294.74,295.35 1 4
github.com/pterm/pterm/interactive_multiselect_printer.go:300.2,300.11 1 0
github.com/pterm/pterm/interactive_multiselect_printer.go:295.35,296.21 1 12
github.com/pterm/pterm/interactive_multiselect_printer.go:296.21,298.4 1 4
github.com/pterm/pterm/interactive_multiselect_printer.go:303.76,304.51 1 54
github.com/pterm/pterm/interactive_multiselect_printer.go:310.2,310.14 1 42
github.com/pterm/pterm/interactive_multiselect_printer.go:304.51,305.46 1 60
github.com/pterm/pterm/interactive_multiselect_printer.go:305.46,307.4 1 12
github.com/pterm/pterm/interactive_multiselect_printer.go:313.73,314.30 1 4
github.com/pterm/pterm/interactive_multiselect_printer.go:314.30,316.52 1 0
github.com/pterm/pterm/interactive_multiselect_printer.go:316.52,317.47 1 0
github.com/pterm/pterm/interactive_multiselect_printer.go:317.47,319.10 2 0
github.com/pterm/pterm/interactive_multiselect_printer.go:322.8,325.3 1 4
github.com/pterm/pterm/interactive_multiselect_printer.go:328.67,336.42 5 10
github.com/pterm/pterm/interactive_multiselect_printer.go:339.2,339.39 1 10
github.com/pterm/pterm/interactive_multiselect_printer.go:343.2,344.49 2 10
github.com/pterm/pterm/interactive_multiselect_printer.go:351.2,351.37 1 10
github.com/pterm/pterm/interactive_multiselect_printer.go:368.2,369.14 2 10
github.com/pterm/pterm/interactive_multiselect_printer.go:372.2,374.16 2 10
github.com/pterm/pterm/interactive_multiselect_printer.go:336.42,338.3 1 0
github.com/pterm/pterm/interactive_multiselect_printer.go:339.39,341.3 1 55
github.com/pterm/pterm/interactive_multiselect_printer.go:344.49,346.64 1 55
github.com/pterm/pterm/interactive_multiselect_printer.go:346.64,348.4 1 50
github.com/pterm/pterm/interactive_multiselect_printer.go:351.37,352.19 1 55
github.com/pterm/pterm/interactive_multiselect_printer.go:355.3,356.27 2 50
github.com/pterm/pterm/interactive_multiselect_printer.go:361.3,361.28 1 50
github.com/pterm/pterm/interactive_multiselect_printer.go:352.19,353.12 1 5
github.com/pterm/pterm/interactive_multiselect_printer.go:356.27,358.4 1 12
github.com/pterm/pterm/interactive_multiselect_printer.go:358.9,360.4 1 38
github.com/pterm/pterm/interactive_multiselect_printer.go:361.28,363.4 1 10
github.com/pterm/pterm/interactive_multiselect_printer.go:363.9,365.4 1 40
github.com/pterm/pterm/interactive_multiselect_printer.go:369.14,371.3 1 10
github.com/pterm/pterm/interactive_multiselect_printer.go:377.68,380.43 3 2
github.com/pterm/pterm/interactive_multiselect_printer.go:384.2,384.16 1 2
github.com/pterm/pterm/interactive_multiselect_printer.go:380.43,382.3 1 4
github.com/pterm/pterm/interactive_multiselect_printer.go:387.64,389.2 1 14
github.com/pterm/pterm/interactive_select_printer.go:51.90,54.2 2 1
github.com/pterm/pterm/interactive_select_printer.go:57.91,60.2 2 3
github.com/pterm/pterm/interactive_select_printer.go:63.94,66.2 2 3
github.com/pterm/pterm/interactive_select_printer.go:69.90,72.2 2 1
github.com/pterm/pterm/interactive_select_printer.go:75.73,81.45 3 2
github.com/pterm/pterm/interactive_select_printer.go:85.2,88.22 3 2
github.com/pterm/pterm/interactive_select_printer.go:92.2,93.43 2 2
github.com/pterm/pterm/interactive_select_printer.go:97.2,97.25 1 2
github.com/pterm/pterm/interactive_select_printer.go:101.2,106.27 4 2
github.com/pterm/pterm/interactive_select_printer.go:123.2,125.16 3 2
github.com/pterm/pterm/interactive_select_printer.go:129.2,134.70 4 2
github.com/pterm/pterm/interactive_select_printer.go:238.2,238.16 1 2
github.com/pterm/pterm/interactive_select_printer.go:243.2,243.22 1 2
github.com/pterm/pterm/interactive_select_printer.go:81.45,83.3 1 2
github.com/pterm/pterm/interactive_select_printer.go:88.22,90.3 1 0
github.com/pterm/pterm/interactive_select_printer.go:93.43,95.3 1 0
github.com/pterm/pterm/interactive_select_printer.go:97.25,99.3 1 0
github.com/pterm/pterm/interactive_select_printer.go:106.27,107.36 1 2
github.com/pterm/pterm/interactive_select_printer.go:107.36,108.33 1 7
github.com/pterm/pterm/interactive_select_printer.go:108.33,110.44 2 2
github.com/pterm/pterm/interactive_select_printer.go:117.5,118.10 2 2
github.com/pterm/pterm/interactive_select_printer.go:110.44,113.6 2 1
github.com/pterm/pterm/interactive_select_printer.go:113.11,116.6 2 1
github.com/pterm/pterm/interactive_select_printer.go:125.16,127.3 1 0
github.com/pterm/pterm/interactive_select_printer.go:134.70,137.46 2 1263
github.com/pterm/pterm/interactive_select_printer.go:143.3,143.14 1 1263
github.com/pterm/pterm/interactive_select_printer.go:236.3,236.20 1 1261
github.com/pterm/pterm/interactive_select_printer.go:137.46,139.4 1 5
github.com/pterm/pterm/interactive_select_printer.go:139.9,141.4 1 1258
github.com/pterm/pterm/interactive_select_printer.go:144.21,152.37 6 0
github.com/pterm/pterm/interactive_select_printer.go:153.19,156.37 3 0
github.com/pterm/pterm/interactive_select_printer.go:157.23,159.36 1 0
github.com/pterm/pterm/interactive_select_printer.go:164.4,164.33 1 0
github.com/pterm/pterm/interactive_select_printer.go:168.4,170.47 2 0
github.com/pterm/pterm/interactive_select_printer.go:176.4,181.37 5 0
github.com/pterm/pterm/interactive_select_printer.go:182.16,183.38 1 2
github.com/pterm/pterm/interactive_select_printer.go:186.4,186.28 1 2
github.com/pterm/pterm/interactive_select_printer.go:204.4,204.37 1 2
github.com/pterm/pterm/interactive_select_printer.go:205.18,206.38 1 2
github.com/pterm/pterm/interactive_select_printer.go:209.4,210.54 2 2
github.com/pterm/pterm/interactive_select_printer.go:224.4,224.37 1 2
github.com/pterm/pterm/interactive_select_printer.go:225.19,227.20 2 0
github.com/pterm/pterm/interactive_select_printer.go:228.19,229.38 1 2
github.com/pterm/pterm/interactive_select_printer.go:232.4,233.20 2 2
github.com/pterm/pterm/interactive_select_printer.go:159.36,162.5 1 0
github.com/pterm/pterm/interactive_select_printer.go:164.33,166.5 1 0
github.com/pterm/pterm/interactive_select_printer.go:170.47,172.5 1 0
github.com/pterm/pterm/interactive_select_printer.go:172.10,174.5 1 0
github.com/pterm/pterm/interactive_select_printer.go:183.38,185.5 1 0
github.com/pterm/pterm/interactive_select_printer.go:186.28,188.51 2 2
github.com/pterm/pterm/interactive_select_printer.go:188.51,191.37 3 0
github.com/pterm/pterm/interactive_select_printer.go:195.6,195.117 1 0
github.com/pterm/pterm/interactive_select_printer.go:191.37,194.7 2 0
github.com/pterm/pterm/interactive_select_printer.go:197.10,202.5 4 0
github.com/pterm/pterm/interactive_select_printer.go:206.38,208.5 1 0
github.com/pterm/pterm/interactive_select_printer.go:210.54,212.50 2 2
github.com/pterm/pterm/interactive_select_printer.go:212.50,216.6 3 0
github.com/pterm/pterm/interactive_select_printer.go:217.10,222.5 4 0
github.com/pterm/pterm/interactive_select_printer.go:229.38,231.5 1 0
github.com/pterm/pterm/interactive_select_printer.go:238.16,241.3 2 0
github.com/pterm/pterm/interactive_select_printer.go:246.62,254.42 5 8
github.com/pterm/pterm/interactive_select_printer.go:257.2,257.39 1 8
github.com/pterm/pterm/interactive_select_printer.go:261.2,261.36 1 8
github.com/pterm/pterm/interactive_select_printer.go:265.2,266.49 2 8
github.com/pterm/pterm/interactive_select_printer.go:273.2,273.37 1 8
github.com/pterm/pterm/interactive_select_printer.go:284.2,284.16 1 8
github.com/pterm/pterm/interactive_select_printer.go:254.42,256.3 1 0
github.com/pterm/pterm/interactive_select_printer.go:257.39,259.3 1 44
github.com/pterm/pterm/interactive_select_printer.go:261.36,263.3 1 8
github.com/pterm/pterm/interactive_select_printer.go:266.49,268.64 1 44
github.com/pterm/pterm/interactive_select_printer.go:268.64,270.4 1 40
github.com/pterm/pterm/interactive_select_printer.go:273.37,274.19 1 44
github.com/pterm/pterm/interactive_select_printer.go:277.3,277.28 1 40
github.com/pterm/pterm/interactive_select_printer.go:274.19,275.12 1 4
github.com/pterm/pterm/interactive_select_printer.go:277.28,279.4 1 8
github.com/pterm/pterm/interactive_select_printer.go:279.9,281.4 1 32
github.com/pterm/pterm/interactive_select_printer.go:287.63,293.2 4 2
github.com/pterm/pterm/interactive_select_printer.go:295.59,297.2 1 10
github.com/pterm/pterm/print.go:12.36,14.2 1 13819
github.com/pterm/pterm/print.go:18.38,20.2 1 271549
github.com/pterm/pterm/print.go:23.54,25.2 1 153765
github.com/pterm/pterm/print.go:29.56,31.2 1 30
github.com/pterm/pterm/print.go:34.40,37.2 2 6313
github.com/pterm/pterm/print.go:40.39,42.2 1 27780
github.com/pterm/pterm/print.go:47.30,49.2 1 3647
github.com/pterm/pterm/print.go:54.32,56.2 1 455
github.com/pterm/pterm/print.go:60.46,62.2 1 14
github.com/pterm/pterm/print.go:67.48,69.2 1 14
github.com/pterm/pterm/print.go:74.37,75.24 1 2
github.com/pterm/pterm/print.go:75.24,76.33 1 2
github.com/pterm/pterm/print.go:76.33,77.18 1 1
github.com/pterm/pterm/print.go:77.18,79.5 1 1
github.com/pterm/pterm/print.go:87.53,88.24 1 2
github.com/pterm/pterm/print.go:88.24,89.33 1 2
github.com/pterm/pterm/print.go:89.33,90.18 1 1
github.com/pterm/pterm/print.go:90.18,92.5 1 1
github.com/pterm/pterm/print.go:100.49,101.13 1 13738
github.com/pterm/pterm/print.go:105.2,108.48 3 13700
github.com/pterm/pterm/print.go:116.2,116.48 1 13700
github.com/pterm/pterm/print.go:124.2,124.14 1 13700
github.com/pterm/pterm/print.go:128.2,128.19 1 13700
github.com/pterm/pterm/print.go:135.2,135.48 1 13700
github.com/pterm/pterm/print.go:101.13,103.3 1 38
github.com/pterm/pterm/print.go:108.48,109.43 1 19335
github.com/pterm/pterm/print.go:109.43,113.4 3 13796
github.com/pterm/pterm/print.go:116.48,117.51 1 143
github.com/pterm/pterm/print.go:117.51,121.4 3 91
github.com/pterm/pterm/print.go:124.14,126.3 1 10939
github.com/pterm/pterm/print.go:128.19,130.3 1 15
github.com/pterm/pterm/print.go:130.8,132.3 1 13685
github.com/pterm/pterm/print.go:135.48,136.19 1 19335
github.com/pterm/pterm/print.go:136.19,138.4 1 16572
github.com/pterm/pterm/print.go:145.51,147.2 1 106
github.com/pterm/pterm/print.go:156.31,157.13 1 12
github.com/pterm/pterm/print.go:161.2,161.34 1 6
github.com/pterm/pterm/print.go:157.13,159.3 1 6
github.com/pterm/pterm/print.go:165.45,166.13 1 8353
github.com/pterm/pterm/print.go:169.2,169.14 1 8347
github.com/pterm/pterm/print.go:166.13,168.3 1 6
github.com/pterm/pterm/print.go:169.14,171.3 1 1366
github.com/pterm/pterm/print.go:171.8,173.3 1 6981
github.com/pterm/pterm/print.go:177.53,179.2 1 40562
github.com/pterm/pterm/print.go:181.35,183.2 1 223
github.com/pterm/pterm/print.go:185.26,187.2 1 13887
github.com/pterm/pterm/section_printer.go:30.65,33.2 2 2
github.com/pterm/pterm/section_printer.go:36.62,39.2 2 3
github.com/pterm/pterm/section_printer.go:42.74,45.2 2 1
github.com/pterm/pterm/section_printer.go:48.69,51.2 2 2
github.com/pterm/pterm/section_printer.go:54.72,57.2 2 2
github.com/pterm/pterm/section_printer.go:60.70,63.2 2 1
github.com/pterm/pterm/section_printer.go:67.57,68.20 1 1374
github.com/pterm/pterm/section_printer.go:72.2,74.36 2 1374
github.com/pterm/pterm/section_printer.go:78.2,78.17 1 1374
github.com/pterm/pterm/section_printer.go:82.2,84.39 2 1374
github.com/pterm/pterm/section_printer.go:88.2,88.12 1 1374
github.com/pterm/pterm/section_printer.go:68.20,70.3 1 1
github.com/pterm/pterm/section_printer.go:74.36,76.3 1 1370
github.com/pterm/pterm/section_printer.go:78.17,80.3 1 1373
github.com/pterm/pterm/section_printer.go:84.39,86.3 1 1370
github.com/pterm/pterm/section_printer.go:93.59,96.2 2 652
github.com/pterm/pterm/section_printer.go:99.73,101.2 1 686
github.com/pterm/pterm/section_printer.go:105.75,107.2 1 650
github.com/pterm/pterm/section_printer.go:112.63,116.2 3 18
github.com/pterm/pterm/section_printer.go:121.65,125.2 3 327
github.com/pterm/pterm/section_printer.go:129.79,133.2 3 18
github.com/pterm/pterm/section_printer.go:138.81,142.2 3 324
github.com/pterm/pterm/section_printer.go:147.70,148.24 1 2
github.com/pterm/pterm/section_printer.go:156.2,157.12 2 2
github.com/pterm/pterm/section_printer.go:148.24,149.33 1 2
github.com/pterm/pterm/section_printer.go:149.33,150.18 1 1
github.com/pterm/pterm/section_printer.go:150.18,152.5 1 1
github.com/pterm/pterm/section_printer.go:163.86,164.24 1 2
github.com/pterm/pterm/section_printer.go:172.2,173.12 2 2
github.com/pterm/pterm/section_printer.go:164.24,165.33 1 2
github.com/pterm/pterm/section_printer.go:165.33,166.18 1 1
github.com/pterm/pterm/section_printer.go:166.18,168.5 1 1
github.com/pterm/pterm/barchart.go:44.63,47.2 2 14
github.com/pterm/pterm/barchart.go:50.81,53.2 2 1
github.com/pterm/pterm/barchart.go:56.83,59.2 2 1
github.com/pterm/pterm/barchart.go:62.69,66.2 3 5
github.com/pterm/pterm/barchart.go:69.65,72.2 2 1
github.com/pterm/pterm/barchart.go:75.64,78.2 2 1
github.com/pterm/pterm/barchart.go:81.68,84.2 2 11
github.com/pterm/pterm/barchart.go:87.72,90.2 2 1
github.com/pterm/pterm/barchart.go:92.48,95.29 2 1
github.com/pterm/pterm/barchart.go:99.2,99.12 1 1
github.com/pterm/pterm/barchart.go:95.29,97.3 1 6
github.com/pterm/pterm/barchart.go:103.52,104.50 1 14
github.com/pterm/pterm/barchart.go:122.2,122.29 1 14
github.com/pterm/pterm/barchart.go:131.2,144.82 2 14
github.com/pterm/pterm/barchart.go:168.2,168.82 1 14
github.com/pterm/pterm/barchart.go:183.2,183.84 1 14
github.com/pterm/pterm/barchart.go:207.2,207.84 1 14
github.com/pterm/pterm/barchart.go:248.2,248.15 1 14
github.com/pterm/pterm/barchart.go:251.2,251.29 1 13
github.com/pterm/pterm/barchart.go:263.2,271.29 7 13
github.com/pterm/pterm/barchart.go:284.2,286.18 2 13
github.com/pterm/pterm/barchart.go:415.2,415.17 1 9
github.com/pterm/pterm/barchart.go:104.50,108.22 3 13
github.com/pterm/pterm/barchart.go:113.3,115.28 2 13
github.com/pterm/pterm/barchart.go:119.3,119.16 1 13
github.com/pterm/pterm/barchart.go:108.22,111.4 2 10
github.com/pterm/pterm/barchart.go:115.28,117.4 1 3
github.com/pterm/pterm/barchart.go:122.29,123.16 1 4
github.com/pterm/pterm/barchart.go:127.3,127.15 1 2
github.com/pterm/pterm/barchart.go:123.16,125.4 1 2
github.com/pterm/pterm/barchart.go:144.82,145.24 1 16
github.com/pterm/pterm/barchart.go:149.3,149.56 1 16
github.com/pterm/pterm/barchart.go:161.3,161.21 1 16
github.com/pterm/pterm/barchart.go:145.24,147.4 1 9
github.com/pterm/pterm/barchart.go:149.56,150.31 1 560
github.com/pterm/pterm/barchart.go:150.31,152.5 1 180
github.com/pterm/pterm/barchart.go:152.10,154.5 1 380
github.com/pterm/pterm/barchart.go:161.21,162.58 1 4
github.com/pterm/pterm/barchart.go:162.58,164.5 1 60
github.com/pterm/pterm/barchart.go:168.82,169.57 1 11
github.com/pterm/pterm/barchart.go:177.3,177.24 1 11
github.com/pterm/pterm/barchart.go:169.57,170.31 1 388
github.com/pterm/pterm/barchart.go:170.31,172.5 1 273
github.com/pterm/pterm/barchart.go:172.10,174.5 1 115
github.com/pterm/pterm/barchart.go:177.24,179.4 1 9
github.com/pterm/pterm/barchart.go:183.84,184.24 1 11
github.com/pterm/pterm/barchart.go:190.3,190.55 1 11
github.com/pterm/pterm/barchart.go:198.3,198.24 1 11
github.com/pterm/pterm/barchart.go:184.24,185.56 1 3
github.com/pterm/pterm/barchart.go:185.56,187.5 1 45
github.com/pterm/pterm/barchart.go:190.55,191.31 1 502
github.com/pterm/pterm/barchart.go:191.31,193.5 1 243
github.com/pterm/pterm/barchart.go:193.10,195.5 1 259
github.com/pterm/pterm/barchart.go:198.24,204.4 2 11
github.com/pterm/pterm/barchart.go:207.84,208.56 1 10
github.com/pterm/pterm/barchart.go:218.3,218.41 1 10
github.com/pterm/pterm/barchart.go:224.3,224.24 1 10
github.com/pterm/pterm/barchart.go:208.56,209.31 1 454
github.com/pterm/pterm/barchart.go:209.31,211.5 1 310
github.com/pterm/pterm/barchart.go:211.10,213.5 1 144
github.com/pterm/pterm/barchart.go:218.41,219.56 1 2
github.com/pterm/pterm/barchart.go:219.56,221.5 1 52
github.com/pterm/pterm/barchart.go:224.24,239.32 1 10
github.com/pterm/pterm/barchart.go:243.4,243.60 1 10
github.com/pterm/pterm/barchart.go:239.32,241.5 1 2
github.com/pterm/pterm/barchart.go:248.15,250.3 1 1
github.com/pterm/pterm/barchart.go:251.29,252.23 1 48
github.com/pterm/pterm/barchart.go:256.3,256.28 1 48
github.com/pterm/pterm/barchart.go:260.3,260.59 1 48
github.com/pterm/pterm/barchart.go:252.23,254.4 1 3
github.com/pterm/pterm/barchart.go:256.28,258.4 1 48
github.com/pterm/pterm/barchart.go:271.29,272.30 1 48
github.com/pterm/pterm/barchart.go:275.3,275.30 1 48
github.com/pterm/pterm/barchart.go:278.3,279.35 2 48
github.com/pterm/pterm/barchart.go:272.30,274.4 1 13
github.com/pterm/pterm/barchart.go:275.30,277.4 1 7
github.com/pterm/pterm/barchart.go:279.35,281.4 1 13
github.com/pterm/pterm/barchart.go:286.18,294.41 5 4
github.com/pterm/pterm/barchart.go:299.3,299.30 1 4
github.com/pterm/pterm/barchart.go:331.3,332.18 2 4
github.com/pterm/pterm/barchart.go:294.41,297.4 2 1
github.com/pterm/pterm/barchart.go:299.30,304.24 4 21
github.com/pterm/pterm/barchart.go:304.24,310.5 3 8
github.com/pterm/pterm/barchart.go:310.10,310.31 1 13
github.com/pterm/pterm/barchart.go:310.31,316.5 3 8
github.com/pterm/pterm/barchart.go:316.10,320.23 2 5
github.com/pterm/pterm/barchart.go:326.5,326.22 1 5
github.com/pterm/pterm/barchart.go:320.23,324.6 2 3
github.com/pterm/pterm/barchart.go:326.22,328.6 1 2
github.com/pterm/pterm/barchart.go:333.8,341.41 5 9
github.com/pterm/pterm/barchart.go:346.3,346.30 1 9
github.com/pterm/pterm/barchart.go:381.3,383.36 2 9
github.com/pterm/pterm/barchart.go:390.3,390.36 1 9
github.com/pterm/pterm/barchart.go:397.3,397.38 1 9
github.com/pterm/pterm/barchart.go:341.41,344.4 2 1
github.com/pterm/pterm/barchart.go:346.30,351.24 4 27
github.com/pterm/pterm/barchart.go:377.4,378.102 2 27
github.com/pterm/pterm/barchart.go:351.24,357.5 3 12
github.com/pterm/pterm/barchart.go:357.10,357.31 1 15
github.com/pterm/pterm/barchart.go:357.31,362.5 2 9
github.com/pterm/pterm/barchart.go:362.10,366.23 2 6
github.com/pterm/pterm/barchart.go:372.5,372.22 1 6
github.com/pterm/pterm/barchart.go:366.23,370.6 2 4
github.com/pterm/pterm/barchart.go:372.22,374.6 1 2
github.com/pterm/pterm/barchart.go:383.36,385.37 2 27
github.com/pterm/pterm/barchart.go:385.37,387.5 1 8
github.com/pterm/pterm/barchart.go:390.36,392.37 2 27
github.com/pterm/pterm/barchart.go:392.37,394.5 1 2
github.com/pterm/pterm/barchart.go:397.38,398.43 1 339
github.com/pterm/pterm/barchart.go:411.4,411.15 1 339
github.com/pterm/pterm/barchart.go:398.43,402.29 4 1125
github.com/pterm/pterm/barchart.go:405.5,406.39 2 1125
github.com/pterm/pterm/barchart.go:409.5,409.19 1 1125
github.com/pterm/pterm/barchart.go:402.29,404.6 1 1098
github.com/pterm/pterm/barchart.go:406.39,408.6 1 583
github.com/pterm/pterm/barchart.go:419.41,424.2 3 14
github.com/pterm/pterm/box_printer.go:55.55,58.2 2 25
github.com/pterm/pterm/box_printer.go:61.61,70.2 8 2
github.com/pterm/pterm/box_printer.go:73.62,82.2 8 2
github.com/pterm/pterm/box_printer.go:85.63,94.2 8 2
github.com/pterm/pterm/box_printer.go:97.64,106.2 8 2
github.com/pterm/pterm/box_printer.go:109.65,118.2 8 2
github.com/pterm/pterm/box_printer.go:121.66,130.2 8 2
github.com/pterm/pterm/box_printer.go:133.60,136.2 2 1
github.com/pterm/pterm/box_printer.go:139.61,142.2 2 1
github.com/pterm/pterm/box_printer.go:145.70,148.2 2 1
github.com/pterm/pterm/box_printer.go:151.69,154.2 2 1
github.com/pterm/pterm/box_printer.go:157.73,160.2 2 1
github.com/pterm/pterm/box_printer.go:163.72,166.2 2 1
github.com/pterm/pterm/box_printer.go:169.64,172.2 2 1
github.com/pterm/pterm/box_printer.go:175.66,178.2 2 1
github.com/pterm/pterm/box_printer.go:181.61,182.17 1 2
github.com/pterm/pterm/box_printer.go:185.2,186.11 2 2
github.com/pterm/pterm/box_printer.go:182.17,184.3 1 1
github.com/pterm/pterm/box_printer.go:190.64,191.17 1 2
github.com/pterm/pterm/box_printer.go:194.2,195.11 2 2
github.com/pterm/pterm/box_printer.go:191.17,193.3 1 1
github.com/pterm/pterm/box_printer.go:199.63,200.17 1 2
github.com/pterm/pterm/box_printer.go:203.2,204.11 2 2
github.com/pterm/pterm/box_printer.go:200.17,202.3 1 1
github.com/pterm/pterm/box_printer.go:208.62,209.17 1 2
github.com/pterm/pterm/box_printer.go:212.2,213.11 2 2
github.com/pterm/pterm/box_printer.go:209.17,211.3 1 1
github.com/pterm/pterm/box_printer.go:217.62,220.2 2 1
github.com/pterm/pterm/box_printer.go:224.53,225.23 1 1441
github.com/pterm/pterm/box_printer.go:228.2,228.24 1 1441
github.com/pterm/pterm/box_printer.go:231.2,236.19 4 1441
github.com/pterm/pterm/box_printer.go:273.2,276.24 3 1441
github.com/pterm/pterm/box_printer.go:286.2,286.68 1 1441
github.com/pterm/pterm/box_printer.go:225.23,227.3 1 7
github.com/pterm/pterm/box_printer.go:228.24,230.3 1 7
github.com/pterm/pterm/box_printer.go:236.19,241.3 2 1417
github.com/pterm/pterm/box_printer.go:241.8,243.92 2 24
github.com/pterm/pterm/box_printer.go:246.3,246.21 1 24
github.com/pterm/pterm/box_printer.go:243.92,245.4 1 6
github.com/pterm/pterm/box_printer.go:246.21,250.4 2 19
github.com/pterm/pterm/box_printer.go:250.9,250.29 1 5
github.com/pterm/pterm/box_printer.go:250.29,254.4 2 1
github.com/pterm/pterm/box_printer.go:254.9,254.30 1 4
github.com/pterm/pterm/box_printer.go:254.30,258.4 2 1
github.com/pterm/pterm/box_printer.go:258.9,258.31 1 3
github.com/pterm/pterm/box_printer.go:258.31,262.4 2 1
github.com/pterm/pterm/box_printer.go:262.9,262.32 1 2
github.com/pterm/pterm/box_printer.go:262.32,266.4 2 1
github.com/pterm/pterm/box_printer.go:266.9,266.33 1 1
github.com/pterm/pterm/box_printer.go:266.33,270.4 2 1
github.com/pterm/pterm/box_printer.go:276.24,277.66 1 1477
github.com/pterm/pterm/box_printer.go:277.66,281.4 1 36
github.com/pterm/pterm/box_printer.go:281.9,284.4 1 1441
github.com/pterm/pterm/box_printer.go:291.55,293.2 1 651
github.com/pterm/pterm/box_printer.go:296.69,298.2 1 684
github.com/pterm/pterm/box_printer.go:302.71,304.2 1 648
github.com/pterm/pterm/box_printer.go:309.58,313.2 3 18
github.com/pterm/pterm/box_printer.go:318.60,322.2 3 327
github.com/pterm/pterm/box_printer.go:326.74,330.2 3 18
github.com/pterm/pterm/box_printer.go:335.76,339.2 3 324
github.com/pterm/pterm/box_printer.go:344.65,345.24 1 2
github.com/pterm/pterm/box_printer.go:353.2,354.12 2 2
github.com/pterm/pterm/box_printer.go:345.24,346.33 1 2
github.com/pterm/pterm/box_printer.go:346.33,347.18 1 1
github.com/pterm/pterm/box_printer.go:347.18,349.5 1 1
github.com/pterm/pterm/box_printer.go:360.81,361.24 1 2
github.com/pterm/pterm/box_printer.go:369.2,370.12 2 2
github.com/pterm/pterm/box_printer.go:361.24,362.33 1 2
github.com/pterm/pterm/box_printer.go:362.33,363.18 1 1
github.com/pterm/pterm/box_printer.go:363.18,365.5 1 1
github.com/pterm/pterm/header_printer.go:35.67,38.2 2 1
github.com/pterm/pterm/header_printer.go:41.73,44.2 2 1
github.com/pterm/pterm/header_printer.go:47.62,50.2 2 1
github.com/pterm/pterm/header_printer.go:53.64,56.2 2 20
github.com/pterm/pterm/header_printer.go:59.68,62.2 2 1
github.com/pterm/pterm/header_printer.go:66.56,67.15 1 1391
github.com/pterm/pterm/header_printer.go:71.2,71.24 1 662
github.com/pterm/pterm/header_printer.go:74.2,74.30 1 662
github.com/pterm/pterm/header_printer.go:78.2,85.17 5 662
github.com/pterm/pterm/header_printer.go:98.2,101.17 3 662
github.com/pterm/pterm/header_printer.go:108.2,109.49 2 662
github.com/pterm/pterm/header_printer.go:117.2,119.12 2 662
github.com/pterm/pterm/header_printer.go:67.15,69.3 1 729
github.com/pterm/pterm/header_printer.go:71.24,73.3 1 3
github.com/pterm/pterm/header_printer.go:74.30,76.3 1 3
github.com/pterm/pterm/header_printer.go:85.17,88.3 2 10
github.com/pterm/pterm/header_printer.go:88.8,89.42 1 652
github.com/pterm/pterm/header_printer.go:89.42,92.4 2 1
github.com/pterm/pterm/header_printer.go:92.9,95.4 2 651
github.com/pterm/pterm/header_printer.go:101.17,104.3 2 10
github.com/pterm/pterm/header_printer.go:104.8,106.3 1 652
github.com/pterm/pterm/header_printer.go:109.49,112.69 3 664
github.com/pterm/pterm/header_printer.go:115.3,115.67 1 664
github.com/pterm/pterm/header_printer.go:112.69,114.4 1 7
github.com/pterm/pterm/header_printer.go:122.47,125.32 3 662
github.com/pterm/pterm/header_printer.go:146.2,147.26 2 662
github.com/pterm/pterm/header_printer.go:151.2,151.39 1 662
github.com/pterm/pterm/header_printer.go:125.32,126.65 1 662
github.com/pterm/pterm/header_printer.go:126.65,129.32 3 2
github.com/pterm/pterm/header_printer.go:136.4,136.41 1 2
github.com/pterm/pterm/header_printer.go:129.32,130.31 1 272
github.com/pterm/pterm/header_printer.go:134.5,134.52 1 272
github.com/pterm/pterm/header_printer.go:130.31,133.6 2 2
github.com/pterm/pterm/header_printer.go:136.41,139.5 2 4
github.com/pterm/pterm/header_printer.go:140.9,143.4 2 660
github.com/pterm/pterm/header_printer.go:147.26,149.3 1 664
github.com/pterm/pterm/header_printer.go:156.58,158.2 1 651
github.com/pterm/pterm/header_printer.go:161.72,163.2 1 684
github.com/pterm/pterm/header_printer.go:167.74,169.2 1 648
github.com/pterm/pterm/header_printer.go:174.62,178.2 3 36
github.com/pterm/pterm/header_printer.go:183.64,187.2 3 327
github.com/pterm/pterm/header_printer.go:191.78,195.2 3 18
github.com/pterm/pterm/header_printer.go:200.80,204.2 3 324
github.com/pterm/pterm/header_printer.go:209.69,210.24 1 2
github.com/pterm/pterm/header_printer.go:218.2,219.12 2 2
github.com/pterm/pterm/header_printer.go:210.24,211.33 1 2
github.com/pterm/pterm/header_printer.go:211.33,212.18 1 1
github.com/pterm/pterm/header_printer.go:212.18,214.5 1 1
github.com/pterm/pterm/header_printer.go:225.85,226.24 1 2
github.com/pterm/pterm/header_printer.go:234.2,235.12 2 2
github.com/pterm/pterm/header_printer.go:226.24,227.33 1 2
github.com/pterm/pterm/header_printer.go:227.33,228.18 1 1
github.com/pterm/pterm/header_printer.go:228.18,230.5 1 1
github.com/pterm/pterm/rgb.go:21.42,23.2 1 16588
github.com/pterm/pterm/rgb.go:26.32,28.2 1 33182
github.com/pterm/pterm/rgb.go:31.62,32.13 1 16599
github.com/pterm/pterm/rgb.go:37.2,37.19 1 16599
github.com/pterm/pterm/rgb.go:57.2,57.10 1 1
github.com/pterm/pterm/rgb.go:32.13,36.3 3 2
github.com/pterm/pterm/rgb.go:37.19,43.3 1 16594
github.com/pterm/pterm/rgb.go:43.8,43.25 1 5
github.com/pterm/pterm/rgb.go:43.25,46.18 3 4
github.com/pterm/pterm/rgb.go:46.18,48.4 1 1
github.com/pterm/pterm/rgb.go:48.9,49.36 1 3
github.com/pterm/pterm/rgb.go:49.36,51.24 2 3
github.com/pterm/pterm/rgb.go:51.24,53.6 1 3
github.com/pterm/pterm/rgb.go:62.46,64.2 1 4135
github.com/pterm/pterm/rgb.go:68.48,70.2 1 1950
github.com/pterm/pterm/rgb.go:73.62,75.2 1 2052
github.com/pterm/pterm/rgb.go:79.64,81.2 1 1944
github.com/pterm/pterm/rgb.go:86.51,90.2 3 54
github.com/pterm/pterm/rgb.go:95.53,99.2 3 978
github.com/pterm/pterm/rgb.go:103.67,107.2 3 54
github.com/pterm/pterm/rgb.go:112.69,116.2 3 972
github.com/pterm/pterm/rgb.go:121.58,122.24 1 6
github.com/pterm/pterm/rgb.go:130.2,131.12 2 6
github.com/pterm/pterm/rgb.go:122.24,123.33 1 6
github.com/pterm/pterm/rgb.go:123.33,124.18 1 3
github.com/pterm/pterm/rgb.go:124.18,126.5 1 3
github.com/pterm/pterm/rgb.go:137.74,138.24 1 6
github.com/pterm/pterm/rgb.go:146.2,147.12 2 6
github.com/pterm/pterm/rgb.go:138.24,139.33 1 6
github.com/pterm/pterm/rgb.go:139.33,140.18 1 3
github.com/pterm/pterm/rgb.go:140.18,142.5 1 3
github.com/pterm/pterm/spinner_printer.go:54.63,57.2 2 4
github.com/pterm/pterm/spinner_printer.go:60.74,63.2 2 1
github.com/pterm/pterm/spinner_printer.go:66.65,69.2 2 1
github.com/pterm/pterm/spinner_printer.go:72.72,75.2 2 2
github.com/pterm/pterm/spinner_printer.go:78.72,81.2 2 1
github.com/pterm/pterm/spinner_printer.go:84.71,87.2 2 1
github.com/pterm/pterm/spinner_printer.go:90.66,93.2 2 1
github.com/pterm/pterm/spinner_printer.go:96.87,99.2 2 1
github.com/pterm/pterm/spinner_printer.go:102.70,105.2 2 1
github.com/pterm/pterm/spinner_printer.go:108.70,111.2 2 4
github.com/pterm/pterm/spinner_printer.go:115.50,117.16 2 4
github.com/pterm/pterm/spinner_printer.go:121.2,121.15 1 4
github.com/pterm/pterm/spinner_printer.go:117.16,120.3 2 3
github.com/pterm/pterm/spinner_printer.go:121.15,123.3 1 1
github.com/pterm/pterm/spinner_printer.go:127.77,132.20 4 12
github.com/pterm/pterm/spinner_printer.go:136.2,136.15 1 12
github.com/pterm/pterm/spinner_printer.go:140.2,140.12 1 12
github.com/pterm/pterm/spinner_printer.go:158.2,158.16 1 12
github.com/pterm/pterm/spinner_printer.go:132.20,134.3 1 4
github.com/pterm/pterm/spinner_printer.go:136.15,138.3 1 7
github.com/pterm/pterm/spinner_printer.go:140.12,141.18 1 12
github.com/pterm/pterm/spinner_printer.go:141.18,142.35 1 201409901
github.com/pterm/pterm/spinner_printer.go:142.35,143.33 1 280181
github.com/pterm/pterm/spinner_printer.go:147.5,148.20 2 141
github.com/pterm/pterm/spinner_printer.go:151.5,154.24 4 141
github.com/pterm/pterm/spinner_printer.go:143.33,144.14 1 280040
github.com/pterm/pterm/spinner_printer.go:148.20,150.6 1 141
github.com/pterm/pterm/spinner_printer.go:163.39,164.17 1 86
github.com/pterm/pterm/spinner_printer.go:167.2,168.22 2 3
github.com/pterm/pterm/spinner_printer.go:174.2,174.12 1 3
github.com/pterm/pterm/spinner_printer.go:164.17,166.3 1 83
github.com/pterm/pterm/spinner_printer.go:168.22,171.3 2 0
github.com/pterm/pterm/spinner_printer.go:171.8,173.3 1 3
github.com/pterm/pterm/spinner_printer.go:180.63,184.2 3 2
github.com/pterm/pterm/spinner_printer.go:189.62,193.2 3 3
github.com/pterm/pterm/spinner_printer.go:197.55,198.26 1 19
github.com/pterm/pterm/spinner_printer.go:202.2,202.23 1 19
github.com/pterm/pterm/spinner_printer.go:205.2,207.14 3 19
github.com/pterm/pterm/spinner_printer.go:198.26,200.3 1 1
github.com/pterm/pterm/spinner_printer.go:202.23,204.3 1 1
github.com/pterm/pterm/spinner_printer.go:212.58,213.29 1 19
github.com/pterm/pterm/spinner_printer.go:217.2,217.23 1 19
github.com/pterm/pterm/spinner_printer.go:220.2,222.14 3 19
github.com/pterm/pterm/spinner_printer.go:213.29,215.3 1 1
github.com/pterm/pterm/spinner_printer.go:217.23,219.3 1 1
github.com/pterm/pterm/spinner_printer.go:227.55,228.26 1 20
github.com/pterm/pterm/spinner_printer.go:232.2,232.23 1 20
github.com/pterm/pterm/spinner_printer.go:235.2,237.14 3 20
github.com/pterm/pterm/spinner_printer.go:228.26,230.3 1 1
github.com/pterm/pterm/spinner_printer.go:232.23,234.3 1 1
github.com/pterm/pterm/spinner_printer.go:242.58,243.29 1 20
github.com/pterm/pterm/spinner_printer.go:247.2,247.23 1 20
github.com/pterm/pterm/spinner_printer.go:250.2,252.14 3 20
github.com/pterm/pterm/spinner_printer.go:243.29,245.3 1 1
github.com/pterm/pterm/spinner_printer.go:247.23,249.3 1 1
github.com/pterm/pterm/basic_text_printer.go:21.69,24.2 2 1
github.com/pterm/pterm/basic_text_printer.go:26.74,29.2 2 1
github.com/pterm/pterm/basic_text_printer.go:33.59,34.20 1 1371
github.com/pterm/pterm/basic_text_printer.go:37.2,37.29 1 1371
github.com/pterm/pterm/basic_text_printer.go:34.20,36.3 1 1371
github.com/pterm/pterm/basic_text_printer.go:42.61,45.2 2 651
github.com/pterm/pterm/basic_text_printer.go:48.75,50.2 1 684
github.com/pterm/pterm/basic_text_printer.go:54.77,56.2 1 648
github.com/pterm/pterm/basic_text_printer.go:61.65,65.2 3 18
github.com/pterm/pterm/basic_text_printer.go:70.67,74.2 3 327
github.com/pterm/pterm/basic_text_printer.go:78.81,82.2 3 18
github.com/pterm/pterm/basic_text_printer.go:87.83,91.2 3 324
github.com/pterm/pterm/basic_text_printer.go:96.72,97.24 1 2
github.com/pterm/pterm/basic_text_printer.go:105.2,106.12 2 2
github.com/pterm/pterm/basic_text_printer.go:97.24,98.33 1 2
github.com/pterm/pterm/basic_text_printer.go:98.33,99.18 1 1
github.com/pterm/pterm/basic_text_printer.go:99.18,101.5 1 1
github.com/pterm/pterm/basic_text_printer.go:112.88,113.24 1 2
github.com/pterm/pterm/basic_text_printer.go:121.2,122.12 2 2
github.com/pterm/pterm/basic_text_printer.go:113.24,114.33 1 2
github.com/pterm/pterm/basic_text_printer.go:114.33,115.18 1 1
github.com/pterm/pterm/basic_text_printer.go:115.18,117.5 1 1
github.com/pterm/pterm/center_printer.go:25.79,29.2 3 3
github.com/pterm/pterm/center_printer.go:32.68,35.2 2 1
github.com/pterm/pterm/center_printer.go:39.56,40.15 1 2094
github.com/pterm/pterm/center_printer.go:44.2,48.32 3 996
github.com/pterm/pterm/center_printer.go:60.2,62.29 2 653
github.com/pterm/pterm/center_printer.go:69.2,71.18 2 653
github.com/pterm/pterm/center_printer.go:79.2,79.29 1 652
github.com/pterm/pterm/center_printer.go:83.2,83.12 1 652
github.com/pterm/pterm/center_printer.go:40.15,42.3 1 1098
github.com/pterm/pterm/center_printer.go:48.32,49.30 1 343
github.com/pterm/pterm/center_printer.go:57.3,57.13 1 343
github.com/pterm/pterm/center_printer.go:49.30,51.18 2 649
github.com/pterm/pterm/center_printer.go:51.18,53.5 1 1
github.com/pterm/pterm/center_printer.go:53.10,55.5 1 648
github.com/pterm/pterm/center_printer.go:62.29,64.32 2 961
github.com/pterm/pterm/center_printer.go:64.32,66.4 1 652
github.com/pterm/pterm/center_printer.go:71.18,72.30 1 1
github.com/pterm/pterm/center_printer.go:76.3,76.13 1 1
github.com/pterm/pterm/center_printer.go:72.30,74.4 1 1
github.com/pterm/pterm/center_printer.go:79.29,81.3 1 960
github.com/pterm/pterm/center_printer.go:88.58,90.2 1 1298
github.com/pterm/pterm/center_printer.go:93.72,95.2 1 720
github.com/pterm/pterm/center_printer.go:99.74,101.2 1 648
github.com/pterm/pterm/center_printer.go:106.61,110.2 3 36
github.com/pterm/pterm/center_printer.go:115.63,119.2 3 650
github.com/pterm/pterm/center_printer.go:123.77,127.2 3 36
github.com/pterm/pterm/center_printer.go:132.79,136.2 3 324
github.com/pterm/pterm/center_printer.go:141.68,142.24 1 2
github.com/pterm/pterm/center_printer.go:150.2,151.12 2 2
github.com/pterm/pterm/center_printer.go:142.24,143.33 1 2
github.com/pterm/pterm/center_printer.go:143.33,144.18 1 1
github.com/pterm/pterm/center_printer.go:144.18,146.5 1 1
github.com/pterm/pterm/center_printer.go:157.84,158.24 1 2
github.com/pterm/pterm/center_printer.go:166.2,167.12 2 2
github.com/pterm/pterm/center_printer.go:158.24,159.33 1 2
github.com/pterm/pterm/center_printer.go:159.33,160.18 1 1
github.com/pterm/pterm/center_printer.go:160.18,162.5 1 1
github.com/pterm/pterm/deprecated.go:14.48,16.2 1 3
github.com/pterm/pterm/deprecated.go:21.71,25.23 3 4
github.com/pterm/pterm/deprecated.go:32.2,32.10 1 4
github.com/pterm/pterm/deprecated.go:25.23,30.3 1 14
github.com/pterm/pterm/deprecated.go:38.64,42.23 3 2
github.com/pterm/pterm/deprecated.go:50.2,50.10 1 2
github.com/pterm/pterm/deprecated.go:42.23,48.3 1 7
github.com/pterm/pterm/deprecated.go:56.77,58.25 2 1
github.com/pterm/pterm/deprecated.go:61.2,61.42 1 1
github.com/pterm/pterm/deprecated.go:58.25,60.3 1 6
github.com/pterm/pterm/deprecated.go:67.78,73.2 2 6
github.com/pterm/pterm/deprecated.go:78.74,80.2 1 1
github.com/pterm/pterm/deprecated.go:85.68,86.32 1 10
github.com/pterm/pterm/deprecated.go:90.2,95.42 2 8
github.com/pterm/pterm/deprecated.go:119.2,119.14 1 8
github.com/pterm/pterm/deprecated.go:86.32,88.3 1 2
github.com/pterm/pterm/deprecated.go:95.42,98.23 2 65
github.com/pterm/pterm/deprecated.go:103.3,103.35 1 65
github.com/pterm/pterm/deprecated.go:109.3,109.37 1 65
github.com/pterm/pterm/deprecated.go:113.3,116.5 1 65
github.com/pterm/pterm/deprecated.go:98.23,101.4 2 1
github.com/pterm/pterm/deprecated.go:103.35,104.52 1 57
github.com/pterm/pterm/deprecated.go:104.52,106.5 1 1
github.com/pterm/pterm/deprecated.go:109.37,112.4 2 51
github.com/pterm/pterm/deprecated.go:125.45,130.19 4 12
github.com/pterm/pterm/deprecated.go:133.2,133.19 1 12
github.com/pterm/pterm/deprecated.go:137.2,138.16 2 8
github.com/pterm/pterm/deprecated.go:141.2,147.8 2 7
github.com/pterm/pterm/deprecated.go:130.19,132.3 1 4
github.com/pterm/pterm/deprecated.go:133.19,135.3 1 4
github.com/pterm/pterm/deprecated.go:138.16,140.3 1 1
github.com/pterm/pterm/panel_printer.go:36.63,39.2 2 96
github.com/pterm/pterm/panel_printer.go:42.62,43.17 1 2
github.com/pterm/pterm/panel_printer.go:46.2,47.11 2 2
github.com/pterm/pterm/panel_printer.go:43.17,45.3 1 1
github.com/pterm/pterm/panel_printer.go:51.74,52.23 1 20
github.com/pterm/pterm/panel_printer.go:55.2,56.11 2 20
github.com/pterm/pterm/panel_printer.go:52.23,54.3 1 1
github.com/pterm/pterm/panel_printer.go:60.68,63.2 2 19
github.com/pterm/pterm/panel_printer.go:66.75,69.2 2 19
github.com/pterm/pterm/panel_printer.go:72.66,75.2 2 1
github.com/pterm/pterm/panel_printer.go:77.45,79.33 2 45
github.com/pterm/pterm/panel_printer.go:85.2,85.12 1 45
github.com/pterm/pterm/panel_printer.go:79.33,80.32 1 99
github.com/pterm/pterm/panel_printer.go:83.3,83.14 1 99
github.com/pterm/pterm/panel_printer.go:80.32,82.4 1 117
github.com/pterm/pterm/panel_printer.go:89.49,92.15 2 96
github.com/pterm/pterm/panel_printer.go:96.2,96.26 1 51
github.com/pterm/pterm/panel_printer.go:102.2,102.36 1 51
github.com/pterm/pterm/panel_printer.go:110.2,110.26 1 51
github.com/pterm/pterm/panel_printer.go:118.2,120.23 2 51
github.com/pterm/pterm/panel_printer.go:130.2,130.35 1 51
github.com/pterm/pterm/panel_printer.go:180.2,180.17 1 51
github.com/pterm/pterm/panel_printer.go:92.15,94.3 1 45
github.com/pterm/pterm/panel_printer.go:96.26,97.31 1 104
github.com/pterm/pterm/panel_printer.go:97.31,99.4 1 126
github.com/pterm/pterm/panel_printer.go:102.36,103.27 1 9
github.com/pterm/pterm/panel_printer.go:103.27,104.32 1 18
github.com/pterm/pterm/panel_printer.go:104.32,106.5 1 27
github.com/pterm/pterm/panel_printer.go:110.26,111.27 1 104
github.com/pterm/pterm/panel_printer.go:111.27,112.32 1 54
github.com/pterm/pterm/panel_printer.go:112.32,114.5 1 72
github.com/pterm/pterm/panel_printer.go:120.23,121.34 1 9
github.com/pterm/pterm/panel_printer.go:121.34,122.29 1 27
github.com/pterm/pterm/panel_printer.go:122.29,123.68 1 27
github.com/pterm/pterm/panel_printer.go:123.68,125.6 1 21
github.com/pterm/pterm/panel_printer.go:130.35,135.31 3 104
github.com/pterm/pterm/panel_printer.go:139.3,139.40 1 104
github.com/pterm/pterm/panel_printer.go:143.3,143.38 1 104
github.com/pterm/pterm/panel_printer.go:150.3,150.34 1 104
github.com/pterm/pterm/panel_printer.go:135.31,137.4 1 126
github.com/pterm/pterm/panel_printer.go:139.40,141.4 1 126
github.com/pterm/pterm/panel_printer.go:143.38,145.26 2 126
github.com/pterm/pterm/panel_printer.go:145.26,147.5 1 104
github.com/pterm/pterm/panel_printer.go:150.34,151.22 1 215
github.com/pterm/pterm/panel_printer.go:151.22,152.43 1 215
github.com/pterm/pterm/panel_printer.go:175.5,175.16 1 215
github.com/pterm/pterm/panel_printer.go:152.43,156.28 4 312
github.com/pterm/pterm/panel_printer.go:159.6,159.30 1 312
github.com/pterm/pterm/panel_printer.go:162.6,163.28 2 312
github.com/pterm/pterm/panel_printer.go:172.6,173.23 2 312
github.com/pterm/pterm/panel_printer.go:156.28,158.7 1 285
github.com/pterm/pterm/panel_printer.go:159.30,161.7 1 276
github.com/pterm/pterm/panel_printer.go:163.28,164.44 1 285
github.com/pterm/pterm/panel_printer.go:164.44,166.8 1 87
github.com/pterm/pterm/panel_printer.go:167.12,168.51 1 27
github.com/pterm/pterm/panel_printer.go:168.51,170.8 1 17
github.com/pterm/pterm/panel_printer.go:184.38,189.2 3 92
github.com/pterm/pterm/progressbar_printer.go:64.72,67.2 2 3
github.com/pterm/pterm/progressbar_printer.go:72.76,75.2 2 1
github.com/pterm/pterm/progressbar_printer.go:78.70,81.2 2 8
github.com/pterm/pterm/progressbar_printer.go:84.74,87.2 2 1
github.com/pterm/pterm/progressbar_printer.go:90.79,93.2 2 1
github.com/pterm/pterm/progressbar_printer.go:96.80,99.2 2 1
github.com/pterm/pterm/progressbar_printer.go:102.103,105.2 2 1
github.com/pterm/pterm/progressbar_printer.go:108.80,111.2 2 1
github.com/pterm/pterm/progressbar_printer.go:114.74,117.2 2 1
github.com/pterm/pterm/progressbar_printer.go:120.74,123.2 2 1
github.com/pterm/pterm/progressbar_printer.go:126.79,129.2 2 1
github.com/pterm/pterm/progressbar_printer.go:132.78,135.2 2 1
github.com/pterm/pterm/progressbar_printer.go:138.76,141.2 2 1
github.com/pterm/pterm/progressbar_printer.go:144.79,147.2 2 2
github.com/pterm/pterm/progressbar_printer.go:150.76,153.2 2 1
github.com/pterm/pterm/progressbar_printer.go:156.78,159.2 2 2
github.com/pterm/pterm/progressbar_printer.go:162.62,165.2 2 1
github.com/pterm/pterm/progressbar_printer.go:168.76,172.2 3 16574
github.com/pterm/pterm/progressbar_printer.go:175.67,176.25 1 16587
github.com/pterm/pterm/progressbar_printer.go:179.2,179.23 1 16587
github.com/pterm/pterm/progressbar_printer.go:182.2,182.18 1 16587
github.com/pterm/pterm/progressbar_printer.go:186.2,190.21 4 16586
github.com/pterm/pterm/progressbar_printer.go:198.2,207.17 5 16586
github.com/pterm/pterm/progressbar_printer.go:210.2,210.17 1 16586
github.com/pterm/pterm/progressbar_printer.go:214.2,216.22 2 16586
github.com/pterm/pterm/progressbar_printer.go:219.2,219.23 1 16586
github.com/pterm/pterm/progressbar_printer.go:223.2,227.39 4 16586
github.com/pterm/pterm/progressbar_printer.go:231.2,232.26 2 16586
github.com/pterm/pterm/progressbar_printer.go:238.2,238.16 1 16586
github.com/pterm/pterm/progressbar_printer.go:241.2,241.10 1 16586
github.com/pterm/pterm/progressbar_printer.go:176.25,178.3 1 2
github.com/pterm/pterm/progressbar_printer.go:179.23,181.3 1 2
github.com/pterm/pterm/progressbar_printer.go:182.18,184.3 1 1
github.com/pterm/pterm/progressbar_printer.go:190.21,192.3 1 1
github.com/pterm/pterm/progressbar_printer.go:192.8,192.44 1 16585
github.com/pterm/pterm/progressbar_printer.go:192.44,194.3 1 1
github.com/pterm/pterm/progressbar_printer.go:194.8,196.3 1 16584
github.com/pterm/pterm/progressbar_printer.go:207.17,209.3 1 16585
github.com/pterm/pterm/progressbar_printer.go:210.17,212.3 1 16585
github.com/pterm/pterm/progressbar_printer.go:216.22,218.3 1 16585
github.com/pterm/pterm/progressbar_printer.go:219.23,221.3 1 16585
github.com/pterm/pterm/progressbar_printer.go:227.39,229.3 1 16584
github.com/pterm/pterm/progressbar_printer.go:232.26,234.3 1 4
github.com/pterm/pterm/progressbar_printer.go:234.8,236.3 1 16582
github.com/pterm/pterm/progressbar_printer.go:238.16,240.3 1 7889
github.com/pterm/pterm/progressbar_printer.go:245.65,246.18 1 7
github.com/pterm/pterm/progressbar_printer.go:250.2,253.26 3 6
github.com/pterm/pterm/progressbar_printer.go:256.2,256.10 1 6
github.com/pterm/pterm/progressbar_printer.go:246.18,248.3 1 1
github.com/pterm/pterm/progressbar_printer.go:253.26,255.3 1 1
github.com/pterm/pterm/progressbar_printer.go:260.86,261.30 1 7
github.com/pterm/pterm/progressbar_printer.go:264.2,265.21 2 7
github.com/pterm/pterm/progressbar_printer.go:268.2,273.16 4 7
github.com/pterm/pterm/progressbar_printer.go:261.30,263.3 1 1
github.com/pterm/pterm/progressbar_printer.go:265.21,267.3 1 0
github.com/pterm/pterm/progressbar_printer.go:277.66,278.17 1 9
github.com/pterm/pterm/progressbar_printer.go:281.2,282.22 2 2
github.com/pterm/pterm/progressbar_printer.go:288.2,288.15 1 2
github.com/pterm/pterm/progressbar_printer.go:278.17,280.3 1 7
github.com/pterm/pterm/progressbar_printer.go:282.22,285.3 2 1
github.com/pterm/pterm/progressbar_printer.go:285.8,287.3 1 1
github.com/pterm/pterm/progressbar_printer.go:294.66,298.2 3 2
github.com/pterm/pterm/progressbar_printer.go:303.65,307.2 3 1
github.com/pterm/pterm/progressbar_printer.go:310.61,312.2 1 16586
github.com/pterm/pterm/progressbar_printer.go:314.56,317.2 2 16585
github.com/pterm/pterm/interactive_confirm_printer.go:42.92,45.2 2 1
github.com/pterm/pterm/interactive_confirm_printer.go:48.92,51.2 2 3
github.com/pterm/pterm/interactive_confirm_printer.go:54.91,57.2 2 1
github.com/pterm/pterm/interactive_confirm_printer.go:60.92,63.2 2 2
github.com/pterm/pterm/interactive_confirm_printer.go:66.94,69.2 2 1
github.com/pterm/pterm/interactive_confirm_printer.go:72.91,75.2 2 2
github.com/pterm/pterm/interactive_confirm_printer.go:78.93,81.2 2 1
github.com/pterm/pterm/interactive_confirm_printer.go:84.93,87.2 2 1
github.com/pterm/pterm/interactive_confirm_printer.go:95.71,103.37 4 8
github.com/pterm/pterm/interactive_confirm_printer.go:107.2,111.71 4 8
github.com/pterm/pterm/interactive_confirm_printer.go:148.2,148.18 1 8
github.com/pterm/pterm/interactive_confirm_printer.go:151.2,151.20 1 8
github.com/pterm/pterm/interactive_confirm_printer.go:103.37,105.3 1 8
github.com/pterm/pterm/interactive_confirm_printer.go:111.71,114.17 3 1721
github.com/pterm/pterm/interactive_confirm_printer.go:118.3,118.14 1 1721
github.com/pterm/pterm/interactive_confirm_printer.go:146.3,146.20 1 1713
github.com/pterm/pterm/interactive_confirm_printer.go:114.17,116.4 1 0
github.com/pterm/pterm/interactive_confirm_printer.go:119.21,120.16 1 6
github.com/pterm/pterm/interactive_confirm_printer.go:132.19,133.22 1 2
github.com/pterm/pterm/interactive_confirm_printer.go:138.4,140.20 3 2
github.com/pterm/pterm/interactive_confirm_printer.go:141.19,144.20 3 0
github.com/pterm/pterm/interactive_confirm_printer.go:121.11,125.21 4 3
github.com/pterm/pterm/interactive_confirm_printer.go:126.11,130.21 4 3
github.com/pterm/pterm/interactive_confirm_printer.go:133.22,135.5 1 1
github.com/pterm/pterm/interactive_confirm_printer.go:135.10,137.5 1 1
github.com/pterm/pterm/interactive_confirm_printer.go:148.18,150.3 1 8
github.com/pterm/pterm/interactive_confirm_printer.go:155.71,160.2 3 16
github.com/pterm/pterm/interactive_confirm_printer.go:163.55,165.20 2 8
github.com/pterm/pterm/interactive_confirm_printer.go:171.2,171.47 1 8
github.com/pterm/pterm/interactive_confirm_printer.go:165.20,167.3 1 1
github.com/pterm/pterm/interactive_confirm_printer.go:167.8,169.3 1 7
github.com/pterm/pterm/interactive_continue_printer.go:44.94,47.2 2 1
github.com/pterm/pterm/interactive_continue_printer.go:50.98,51.29 1 1
github.com/pterm/pterm/interactive_continue_printer.go:54.2,55.11 2 1
github.com/pterm/pterm/interactive_continue_printer.go:51.29,52.30 1 0
github.com/pterm/pterm/interactive_continue_printer.go:59.96,60.30 1 2
github.com/pterm/pterm/interactive_continue_printer.go:66.2,66.11 1 2
github.com/pterm/pterm/interactive_continue_printer.go:60.30,61.17 1 3
github.com/pterm/pterm/interactive_continue_printer.go:61.17,63.9 2 2
github.com/pterm/pterm/interactive_continue_printer.go:70.93,73.2 2 1
github.com/pterm/pterm/interactive_continue_printer.go:76.95,79.2 2 3
github.com/pterm/pterm/interactive_continue_printer.go:82.95,83.36 1 1
github.com/pterm/pterm/interactive_continue_printer.go:88.2,89.11 2 1
github.com/pterm/pterm/interactive_continue_printer.go:83.36,87.3 3 0
github.com/pterm/pterm/interactive_continue_printer.go:94.97,97.2 2 1
github.com/pterm/pterm/interactive_continue_printer.go:100.96,103.2 2 1
github.com/pterm/pterm/interactive_continue_printer.go:106.95,109.2 2 1
github.com/pterm/pterm/interactive_continue_printer.go:117.74,120.37 2 16
github.com/pterm/pterm/interactive_continue_printer.go:124.2,126.71 2 16
github.com/pterm/pterm/interactive_continue_printer.go:157.2,158.20 2 16
github.com/pterm/pterm/interactive_continue_printer.go:120.37,122.3 1 16
github.com/pterm/pterm/interactive_continue_printer.go:126.71,127.17 1 2880
github.com/pterm/pterm/interactive_continue_printer.go:130.3,133.14 3 2880
github.com/pterm/pterm/interactive_continue_printer.go:155.3,155.20 1 2864
github.com/pterm/pterm/interactive_continue_printer.go:127.17,129.4 1 0
github.com/pterm/pterm/interactive_continue_printer.go:134.21,135.32 1 13
github.com/pterm/pterm/interactive_continue_printer.go:146.19,150.20 4 3
github.com/pterm/pterm/interactive_continue_printer.go:151.19,153.20 2 0
github.com/pterm/pterm/interactive_continue_printer.go:135.32,136.28 1 26
github.com/pterm/pterm/interactive_continue_printer.go:139.5,139.78 1 26
github.com/pterm/pterm/interactive_continue_printer.go:136.28,138.6 1 24
github.com/pterm/pterm/interactive_continue_printer.go:139.78,144.6 4 13
github.com/pterm/pterm/interactive_continue_printer.go:162.64,164.35 2 1
github.com/pterm/pterm/interactive_continue_printer.go:167.2,169.16 2 1
github.com/pterm/pterm/interactive_continue_printer.go:164.35,166.3 1 4
github.com/pterm/pterm/interactive_continue_printer.go:173.58,174.24 1 11
github.com/pterm/pterm/interactive_continue_printer.go:178.2,178.45 1 11
github.com/pterm/pterm/interactive_continue_printer.go:174.24,176.3 1 1
github.com/pterm/pterm/interactive_continue_printer.go:178.45,182.3 3 10
github.com/pterm/pterm/interactive_continue_printer.go:186.57,187.58 1 16
github.com/pterm/pterm/interactive_continue_printer.go:191.2,191.68 1 16
github.com/pterm/pterm/interactive_continue_printer.go:187.58,189.3 1 11
github.com/pterm/pterm/terminal.go:24.29,25.29 1 32709
github.com/pterm/pterm/terminal.go:28.2,29.14 2 7
github.com/pterm/pterm/terminal.go:25.29,27.3 1 32702
github.com/pterm/pterm/terminal.go:33.30,34.30 1 17
github.com/pterm/pterm/terminal.go:37.2,38.15 2 4
github.com/pterm/pterm/terminal.go:34.30,36.3 1 13
github.com/pterm/pterm/terminal.go:42.55,43.57 1 13
github.com/pterm/pterm/terminal.go:46.2,47.12 2 12
github.com/pterm/pterm/terminal.go:50.2,50.12 1 12
github.com/pterm/pterm/terminal.go:53.2,53.16 1 12
github.com/pterm/pterm/terminal.go:56.2,56.18 1 12
github.com/pterm/pterm/terminal.go:43.57,45.3 1 1
github.com/pterm/pterm/terminal.go:47.12,49.3 1 12
github.com/pterm/pterm/terminal.go:50.12,52.3 1 12
github.com/pterm/pterm/terminal.go:53.16,55.3 1 12
github.com/pterm/pterm/terminal.go:60.51,64.2 3 10
